<?xml version="1.0" encoding="UTF-8"?>
<!-- Generated by org.testng.reporters.JUnitXMLReporter -->
<testsuite hostname="XIN009DLAB50782" name="Test(failed)" tests="3" failures="2" timestamp="24 Jun 2016 09:23:22 GMT" time="1154.076" errors="0">
  <testcase name="testVerifyPaymentWithoutSaveCheckCC" time="375.921" classname="TestCases.CreditCard.VerifyPaymentWithoutSaveCheckCC">
    <failure type="org.openqa.selenium.TimeoutException" message="Timed out after 30 seconds waiting for visibility of [[FirefoxDriver: firefox on WINDOWS (051bb83a-b776-4c98-b3fe-71a467fa964f)] -&amp;gt; xpath: //a[text()=&amp;apos;Pay Bill&amp;apos;]]
Build info: version: &amp;apos;2.53.0&amp;apos;, revision: &amp;apos;35ae25b&amp;apos;, time: &amp;apos;2016-03-15 16:57:40&amp;apos;
System info: host: &amp;apos;XIN009DLAB50782&amp;apos;, ip: &amp;apos;10.140.2.114&amp;apos;, os.name: &amp;apos;Windows 7&amp;apos;, os.arch: &amp;apos;amd64&amp;apos;, os.version: &amp;apos;6.1&amp;apos;, java.version: &amp;apos;1.7.0_60&amp;apos;
Session ID: 051bb83a-b776-4c98-b3fe-71a467fa964f
Driver info: org.openqa.selenium.firefox.FirefoxDriver
Capabilities [{platform=WINDOWS, acceptSslCerts=true, javascriptEnabled=true, cssSelectorsEnabled=true, databaseEnabled=true, browserName=firefox, handlesAlerts=true, nativeEvents=false, webStorageEnabled=true, rotatable=false, locationContextEnabled=true, applicationCacheEnabled=true, takesScreenshot=true, version=38.5.1}]">
      <![CDATA[org.openqa.selenium.TimeoutException: Timed out after 30 seconds waiting for visibility of [[FirefoxDriver: firefox on WINDOWS (051bb83a-b776-4c98-b3fe-71a467fa964f)] -> xpath: //a[text()='Pay Bill']]
Build info: version: '2.53.0', revision: '35ae25b', time: '2016-03-15 16:57:40'
System info: host: 'XIN009DLAB50782', ip: '10.140.2.114', os.name: 'Windows 7', os.arch: 'amd64', os.version: '6.1', java.version: '1.7.0_60'
Session ID: 051bb83a-b776-4c98-b3fe-71a467fa964f
Driver info: org.openqa.selenium.firefox.FirefoxDriver
Capabilities [{platform=WINDOWS, acceptSslCerts=true, javascriptEnabled=true, cssSelectorsEnabled=true, databaseEnabled=true, browserName=firefox, handlesAlerts=true, nativeEvents=false, webStorageEnabled=true, rotatable=false, locationContextEnabled=true, applicationCacheEnabled=true, takesScreenshot=true, version=38.5.1}]
	at org.openqa.selenium.support.ui.WebDriverWait.timeoutException(WebDriverWait.java:80)
	at org.openqa.selenium.support.ui.FluentWait.until(FluentWait.java:261)
	at GenericLib.CommonMethods.WaitForElement(CommonMethods.java:34)
	at BusinessSpecific.Methods.navigateToPayBill(Methods.java:69)
	at TestCases.CreditCard.VerifyPaymentWithoutSaveCheckCC.testVerifyPaymentWithoutSaveCheckCC(VerifyPaymentWithoutSaveCheckCC.java:87)
... Removed 25 stack frames]]>
    </failure>
  </testcase> <!-- testVerifyPaymentWithoutSaveCheckCC -->
  <testcase name="VerifyPaymentWithSave" time="361.243" classname="TestCases.CreditCard.VerifyPaymentWithSaveCheckCC">
    <failure type="org.openqa.selenium.TimeoutException" message="Timed out after 30 seconds waiting for visibility of [[FirefoxDriver: firefox on WINDOWS (8062525a-3697-4715-86f5-2ad8813e97c0)] -&amp;gt; xpath: //a[text()=&amp;apos;Pay Bill&amp;apos;]]
Build info: version: &amp;apos;2.53.0&amp;apos;, revision: &amp;apos;35ae25b&amp;apos;, time: &amp;apos;2016-03-15 16:57:40&amp;apos;
System info: host: &amp;apos;XIN009DLAB50782&amp;apos;, ip: &amp;apos;10.140.2.114&amp;apos;, os.name: &amp;apos;Windows 7&amp;apos;, os.arch: &amp;apos;amd64&amp;apos;, os.version: &amp;apos;6.1&amp;apos;, java.version: &amp;apos;1.7.0_60&amp;apos;
Session ID: 8062525a-3697-4715-86f5-2ad8813e97c0
Driver info: org.openqa.selenium.firefox.FirefoxDriver
Capabilities [{platform=WINDOWS, acceptSslCerts=true, javascriptEnabled=true, cssSelectorsEnabled=true, databaseEnabled=true, browserName=firefox, handlesAlerts=true, nativeEvents=false, webStorageEnabled=true, rotatable=false, locationContextEnabled=true, applicationCacheEnabled=true, takesScreenshot=true, version=38.5.1}]">
      <![CDATA[org.openqa.selenium.TimeoutException: Timed out after 30 seconds waiting for visibility of [[FirefoxDriver: firefox on WINDOWS (8062525a-3697-4715-86f5-2ad8813e97c0)] -> xpath: //a[text()='Pay Bill']]
Build info: version: '2.53.0', revision: '35ae25b', time: '2016-03-15 16:57:40'
System info: host: 'XIN009DLAB50782', ip: '10.140.2.114', os.name: 'Windows 7', os.arch: 'amd64', os.version: '6.1', java.version: '1.7.0_60'
Session ID: 8062525a-3697-4715-86f5-2ad8813e97c0
Driver info: org.openqa.selenium.firefox.FirefoxDriver
Capabilities [{platform=WINDOWS, acceptSslCerts=true, javascriptEnabled=true, cssSelectorsEnabled=true, databaseEnabled=true, browserName=firefox, handlesAlerts=true, nativeEvents=false, webStorageEnabled=true, rotatable=false, locationContextEnabled=true, applicationCacheEnabled=true, takesScreenshot=true, version=38.5.1}]
	at org.openqa.selenium.support.ui.WebDriverWait.timeoutException(WebDriverWait.java:80)
	at org.openqa.selenium.support.ui.FluentWait.until(FluentWait.java:261)
	at GenericLib.CommonMethods.WaitForElement(CommonMethods.java:34)
	at BusinessSpecific.Methods.navigateToPayBill(Methods.java:69)
	at TestCases.CreditCard.VerifyPaymentWithSaveCheckCC.VerifyPaymentWithSave(VerifyPaymentWithSaveCheckCC.java:85)
... Removed 25 stack frames]]>
    </failure>
  </testcase> <!-- VerifyPaymentWithSave -->
  <testcase name="testEditFutureExpirationDateCC" time="268.804" classname="TestCases.CreditCard.EditFutureExpirationDateCC"/>
</testsuite> <!-- Test(failed) -->
