<html>
<head>
<title>TestNG:  CCTest</title>
<link href="../testng.css" rel="stylesheet" type="text/css" />
<link href="../my-testng.css" rel="stylesheet" type="text/css" />

<style type="text/css">
.log { display: none;} 
.stack-trace { display: none;} 
</style>
<script type="text/javascript">
<!--
function flip(e) {
  current = e.style.display;
  if (current == 'block') {
    e.style.display = 'none';
    return 0;
  }
  else {
    e.style.display = 'block';
    return 1;
  }
}

function toggleBox(szDivId, elem, msg1, msg2)
{
  var res = -1;  if (document.getElementById) {
    res = flip(document.getElementById(szDivId));
  }
  else if (document.all) {
    // this is the way old msie versions work
    res = flip(document.all[szDivId]);
  }
  if(elem) {
    if(res == 0) elem.innerHTML = msg1; else elem.innerHTML = msg2;
  }

}

function toggleAllBoxes() {
  if (document.getElementsByTagName) {
    d = document.getElementsByTagName('div');
    for (i = 0; i < d.length; i++) {
      if (d[i].className == 'log') {
        flip(d[i]);
      }
    }
  }
}

// -->
</script>

</head>
<body>
<h2 align='center'>CCTest</h2><table border='1' align="center">
<tr>
<td>Tests passed/Failed/Skipped:</td><td>7/3/0</td>
</tr><tr>
<td>Started on:</td><td>Wed Jul 06 15:11:00 IST 2016</td>
</tr>
<tr><td>Total time:</td><td>2354 seconds (2354331 ms)</td>
</tr><tr>
<td>Included groups:</td><td></td>
</tr><tr>
<td>Excluded groups:</td><td></td>
</tr>
</table><p/>
<small><i>(Hover the method name to see the test class name)</i></small><p/>
<table width='100%' border='1' class='invocation-failed'>
<tr><td colspan='4' align='center'><b>FAILED TESTS</b></td></tr>
<tr><td><b>Test method</b></td>
<td width="30%"><b>Exception</b></td>
<td width="10%"><b>Time (seconds)</b></td>
<td><b>Instance</b></td>
</tr>
<tr>
<td title='TestCases.CreditCard.CCAutomationE2E.testCCAutomationE2E()'><b>testCCAutomationE2E</b><br>Test class: TestCases.CreditCard.CCAutomationE2E</td>
<td><div><pre>org.openqa.selenium.NoSuchElementException: no such element: Unable to locate element: {&quot;method&quot;:&quot;xpath&quot;,&quot;selector&quot;:&quot;//td[text()=&apos;Bill Payment:&apos;]/following-sibling::td[2]/span[2]&quot;}
  (Session info: chrome=51.0.2704.103)
  (Driver info: chromedriver=2.20.353145 (343b531d31eeb933ec778dbcf7081628a1396067),platform=Windows NT 6.1 SP1 x86_64) (WARNING: The server did not provide any stacktrace information)
Command duration or timeout: 30.06 seconds
For documentation on this error, please visit: http://seleniumhq.org/exceptions/no_such_element.html
Build info: version: &apos;2.53.0&apos;, revision: &apos;35ae25b&apos;, time: &apos;2016-03-15 16:57:40&apos;
System info: host: &apos;XIN009OLAB14917&apos;, ip: &apos;10.140.2.187&apos;, os.name: &apos;Windows 7&apos;, os.arch: &apos;amd64&apos;, os.version: &apos;6.1&apos;, java.version: &apos;1.7.0_60-ea&apos;
*** Element info: {Using=xpath, value=//td[text()=&apos;Bill Payment:&apos;]/following-sibling::td[2]/span[2]}
Session ID: 22543bbf9c38546fde04f8ebf16095b6
Driver info: org.openqa.selenium.chrome.ChromeDriver
Capabilities [{platform=XP, acceptSslCerts=true, javascriptEnabled=true, browserName=chrome, chrome={userDataDir=C:\Windows\Temp\scoped_dir8684_3758}, rotatable=false, locationContextEnabled=true, mobileEmulationEnabled=false, version=51.0.2704.103, takesHeapSnapshot=true, cssSelectorsEnabled=true, databaseEnabled=false, handlesAlerts=true, browserConnectionEnabled=false, webStorageEnabled=true, nativeEvents=true, hasTouchScreen=false, applicationCacheEnabled=false, takesScreenshot=true}]
	at org.openqa.selenium.remote.ErrorHandler.createThrowable(ErrorHandler.java:206)
	at org.openqa.selenium.remote.ErrorHandler.throwIfResponseFailed(ErrorHandler.java:158)
	at org.openqa.selenium.remote.RemoteWebDriver.execute(RemoteWebDriver.java:678)
	at org.openqa.selenium.remote.RemoteWebDriver.findElement(RemoteWebDriver.java:363)
	at org.openqa.selenium.remote.RemoteWebDriver.findElementByXPath(RemoteWebDriver.java:500)
	at org.openqa.selenium.By$ByXPath.findElement(By.java:361)
	at org.openqa.selenium.remote.RemoteWebDriver.findElement(RemoteWebDriver.java:355)
	at org.openqa.selenium.support.pagefactory.DefaultElementLocator.findElement(DefaultElementLocator.java:69)
	at org.openqa.selenium.support.pagefactory.internal.LocatingElementHandler.invoke(LocatingElementHandler.java:38)
	at com.sun.proxy.$Proxy9.getText(Unknown Source)
	at BusinessSpecific.Methods.verifyBillAmtInRCPage(Methods.java:691)
	at TestCases.CreditCard.CCAutomationE2E.testCCAutomationE2E(CCAutomationE2E.java:84)
	at java.util.concurrent.ThreadPoolExecutor.runWorker(ThreadPoolExecutor.java:1145)
	at java.util.concurrent.ThreadPoolExecutor$Worker.run(ThreadPoolExecutor.java:615)
	at java.lang.Thread.run(Thread.java:744)
... Removed 14 stack frames</pre></div><a href='#' onClick='toggleBox("stack-trace734079098", this, "Click to show all stack frames", "Click to hide stack frames")'>Click to show all stack frames</a>
<div class='stack-trace' id='stack-trace734079098'><pre>org.openqa.selenium.NoSuchElementException: no such element: Unable to locate element: {&quot;method&quot;:&quot;xpath&quot;,&quot;selector&quot;:&quot;//td[text()=&apos;Bill Payment:&apos;]/following-sibling::td[2]/span[2]&quot;}
  (Session info: chrome=51.0.2704.103)
  (Driver info: chromedriver=2.20.353145 (343b531d31eeb933ec778dbcf7081628a1396067),platform=Windows NT 6.1 SP1 x86_64) (WARNING: The server did not provide any stacktrace information)
Command duration or timeout: 30.06 seconds
For documentation on this error, please visit: http://seleniumhq.org/exceptions/no_such_element.html
Build info: version: &apos;2.53.0&apos;, revision: &apos;35ae25b&apos;, time: &apos;2016-03-15 16:57:40&apos;
System info: host: &apos;XIN009OLAB14917&apos;, ip: &apos;10.140.2.187&apos;, os.name: &apos;Windows 7&apos;, os.arch: &apos;amd64&apos;, os.version: &apos;6.1&apos;, java.version: &apos;1.7.0_60-ea&apos;
*** Element info: {Using=xpath, value=//td[text()=&apos;Bill Payment:&apos;]/following-sibling::td[2]/span[2]}
Session ID: 22543bbf9c38546fde04f8ebf16095b6
Driver info: org.openqa.selenium.chrome.ChromeDriver
Capabilities [{platform=XP, acceptSslCerts=true, javascriptEnabled=true, browserName=chrome, chrome={userDataDir=C:\Windows\Temp\scoped_dir8684_3758}, rotatable=false, locationContextEnabled=true, mobileEmulationEnabled=false, version=51.0.2704.103, takesHeapSnapshot=true, cssSelectorsEnabled=true, databaseEnabled=false, handlesAlerts=true, browserConnectionEnabled=false, webStorageEnabled=true, nativeEvents=true, hasTouchScreen=false, applicationCacheEnabled=false, takesScreenshot=true}]
	at sun.reflect.NativeConstructorAccessorImpl.newInstance0(Native Method)
	at sun.reflect.NativeConstructorAccessorImpl.newInstance(NativeConstructorAccessorImpl.java:57)
	at sun.reflect.DelegatingConstructorAccessorImpl.newInstance(DelegatingConstructorAccessorImpl.java:45)
	at java.lang.reflect.Constructor.newInstance(Constructor.java:526)
	at org.openqa.selenium.remote.ErrorHandler.createThrowable(ErrorHandler.java:206)
	at org.openqa.selenium.remote.ErrorHandler.throwIfResponseFailed(ErrorHandler.java:158)
	at org.openqa.selenium.remote.RemoteWebDriver.execute(RemoteWebDriver.java:678)
	at org.openqa.selenium.remote.RemoteWebDriver.findElement(RemoteWebDriver.java:363)
	at org.openqa.selenium.remote.RemoteWebDriver.findElementByXPath(RemoteWebDriver.java:500)
	at org.openqa.selenium.By$ByXPath.findElement(By.java:361)
	at org.openqa.selenium.remote.RemoteWebDriver.findElement(RemoteWebDriver.java:355)
	at org.openqa.selenium.support.pagefactory.DefaultElementLocator.findElement(DefaultElementLocator.java:69)
	at org.openqa.selenium.support.pagefactory.internal.LocatingElementHandler.invoke(LocatingElementHandler.java:38)
	at com.sun.proxy.$Proxy9.getText(Unknown Source)
	at BusinessSpecific.Methods.verifyBillAmtInRCPage(Methods.java:691)
	at TestCases.CreditCard.CCAutomationE2E.testCCAutomationE2E(CCAutomationE2E.java:84)
	at sun.reflect.NativeMethodAccessorImpl.invoke0(Native Method)
	at sun.reflect.NativeMethodAccessorImpl.invoke(NativeMethodAccessorImpl.java:57)
	at sun.reflect.DelegatingMethodAccessorImpl.invoke(DelegatingMethodAccessorImpl.java:43)
	at java.lang.reflect.Method.invoke(Method.java:606)
	at org.testng.internal.MethodInvocationHelper.invokeMethod(MethodInvocationHelper.java:85)
	at org.testng.internal.Invoker.invokeMethod(Invoker.java:639)
	at org.testng.internal.Invoker.invokeTestMethod(Invoker.java:816)
	at org.testng.internal.Invoker.invokeTestMethods(Invoker.java:1124)
	at org.testng.internal.TestMethodWorker.invokeTestMethods(TestMethodWorker.java:125)
	at org.testng.internal.TestMethodWorker.run(TestMethodWorker.java:108)
	at java.util.concurrent.ThreadPoolExecutor.runWorker(ThreadPoolExecutor.java:1145)
	at java.util.concurrent.ThreadPoolExecutor$Worker.run(ThreadPoolExecutor.java:615)
	at java.lang.Thread.run(Thread.java:744)
</pre></div></td>
<td>178</td>
<td>TestCases.CreditCard.CCAutomationE2E@2be8ac6f</td></tr>
<tr>
<td title='TestCases.CreditCard.CheckTermsAndCondnDtlsForCreditCard.testCheckTermsAndCondnDtlsForCreditCard()'><b>testCheckTermsAndCondnDtlsForCreditCard</b><br>Test class: TestCases.CreditCard.CheckTermsAndCondnDtlsForCreditCard</td>
<td><div><pre>org.openqa.selenium.TimeoutException: Timed out after 30 seconds waiting for visibility of Proxy element for: DefaultElementLocator &apos;By.xpath: //p/a[text()=&apos;Terms and Conditions&apos;]&apos;
Build info: version: &apos;2.53.0&apos;, revision: &apos;35ae25b&apos;, time: &apos;2016-03-15 16:57:40&apos;
System info: host: &apos;XIN009OLAB14917&apos;, ip: &apos;10.140.2.187&apos;, os.name: &apos;Windows 7&apos;, os.arch: &apos;amd64&apos;, os.version: &apos;6.1&apos;, java.version: &apos;1.7.0_60-ea&apos;
Session ID: 4ee75f202f40815a9e5e775598dff53a
Driver info: org.openqa.selenium.chrome.ChromeDriver
Capabilities [{platform=XP, acceptSslCerts=true, javascriptEnabled=true, browserName=chrome, chrome={userDataDir=C:\Windows\Temp\scoped_dir10360_5790}, rotatable=false, locationContextEnabled=true, mobileEmulationEnabled=false, version=51.0.2704.103, takesHeapSnapshot=true, cssSelectorsEnabled=true, databaseEnabled=false, handlesAlerts=true, browserConnectionEnabled=false, webStorageEnabled=true, nativeEvents=true, hasTouchScreen=false, applicationCacheEnabled=false, takesScreenshot=true}]
	at org.openqa.selenium.support.ui.WebDriverWait.timeoutException(WebDriverWait.java:80)
	at org.openqa.selenium.support.ui.FluentWait.until(FluentWait.java:261)
	at GenericLib.CommonMethods.WaitForElement(CommonMethods.java:34)
	at TestCases.CreditCard.CheckTermsAndCondnDtlsForCreditCard.testCheckTermsAndCondnDtlsForCreditCard(CheckTermsAndCondnDtlsForCreditCard.java:83)
	at java.util.concurrent.ThreadPoolExecutor.runWorker(ThreadPoolExecutor.java:1145)
	at java.util.concurrent.ThreadPoolExecutor$Worker.run(ThreadPoolExecutor.java:615)
	at java.lang.Thread.run(Thread.java:744)
Caused by: org.openqa.selenium.NoSuchElementException: no such element: Unable to locate element: {&quot;method&quot;:&quot;xpath&quot;,&quot;selector&quot;:&quot;//p/a[text()=&apos;Terms and Conditions&apos;]&quot;}
  (Session info: chrome=51.0.2704.103)
  (Driver info: chromedriver=2.20.353145 (343b531d31eeb933ec778dbcf7081628a1396067),platform=Windows NT 6.1 SP1 x86_64) (WARNING: The server did not provide any stacktrace information)
Command duration or timeout: 30.07 seconds
For documentation on this error, please visit: http://seleniumhq.org/exceptions/no_such_element.html
Build info: version: &apos;2.53.0&apos;, revision: &apos;35ae25b&apos;, time: &apos;2016-03-15 16:57:40&apos;
System info: host: &apos;XIN009OLAB14917&apos;, ip: &apos;10.140.2.187&apos;, os.name: &apos;Windows 7&apos;, os.arch: &apos;amd64&apos;, os.version: &apos;6.1&apos;, java.version: &apos;1.7.0_60-ea&apos;
*** Element info: {Using=xpath, value=//p/a[text()=&apos;Terms and Conditions&apos;]}
Session ID: 4ee75f202f40815a9e5e775598dff53a
Driver info: org.openqa.selenium.chrome.ChromeDriver
Capabilities [{platform=XP, acceptSslCerts=true, javascriptEnabled=true, browserName=chrome, chrome={userDataDir=C:\Windows\Temp\scoped_dir10360_5790}, rotatable=false, locationContextEnabled=true, mobileEmulationEnabled=false, version=51.0.2704.103, takesHeapSnapshot=true, cssSelectorsEnabled=true, databaseEnabled=false, handlesAlerts=true, browserConnectionEnabled=false, webStorageEnabled=true, nativeEvents=true, hasTouchScreen=false, applicationCacheEnabled=false, takesScreenshot=true}]
	at org.openqa.selenium.remote.ErrorHandler.createThrowable(ErrorHandler.java:206)
	at org.openqa.selenium.remote.ErrorHandler.throwIfResponseFailed(ErrorHandler.java:158)
	at org.openqa.selenium.remote.RemoteWebDriver.execute(RemoteWebDriver.java:678)
	at org.openqa.selenium.remote.RemoteWebDriver.findElement(RemoteWebDriver.java:363)
	at org.openqa.selenium.remote.RemoteWebDriver.findElementByXPath(RemoteWebDriver.java:500)
	at org.openqa.selenium.By$ByXPath.findElement(By.java:361)
	at org.openqa.selenium.remote.RemoteWebDriver.findElement(RemoteWebDriver.java:355)
	at org.openqa.selenium.support.pagefactory.DefaultElementLocator.findElement(DefaultElementLocator.java:69)
	at org.openqa.selenium.support.pagefactory.internal.LocatingElementHandler.invoke(LocatingElementHandler.java:38)
	at com.sun.proxy.$Proxy9.isDisplayed(Unknown Source)
	at org.openqa.selenium.support.ui.ExpectedConditions.elementIfVisible(ExpectedConditions.java:302)
	at org.openqa.selenium.support.ui.ExpectedConditions.access$1(ExpectedConditions.java:301)
	at org.openqa.selenium.support.ui.ExpectedConditions$10.apply(ExpectedConditions.java:288)
	at org.openqa.selenium.support.ui.ExpectedConditions$10.apply(ExpectedConditions.java:1)
	at org.openqa.selenium.support.ui.FluentWait.until(FluentWait.java:238)
	... 15 more
... Removed 14 stack frames</pre></div><a href='#' onClick='toggleBox("stack-trace1204153084", this, "Click to show all stack frames", "Click to hide stack frames")'>Click to show all stack frames</a>
<div class='stack-trace' id='stack-trace1204153084'><pre>org.openqa.selenium.TimeoutException: Timed out after 30 seconds waiting for visibility of Proxy element for: DefaultElementLocator &apos;By.xpath: //p/a[text()=&apos;Terms and Conditions&apos;]&apos;
Build info: version: &apos;2.53.0&apos;, revision: &apos;35ae25b&apos;, time: &apos;2016-03-15 16:57:40&apos;
System info: host: &apos;XIN009OLAB14917&apos;, ip: &apos;10.140.2.187&apos;, os.name: &apos;Windows 7&apos;, os.arch: &apos;amd64&apos;, os.version: &apos;6.1&apos;, java.version: &apos;1.7.0_60-ea&apos;
Session ID: 4ee75f202f40815a9e5e775598dff53a
Driver info: org.openqa.selenium.chrome.ChromeDriver
Capabilities [{platform=XP, acceptSslCerts=true, javascriptEnabled=true, browserName=chrome, chrome={userDataDir=C:\Windows\Temp\scoped_dir10360_5790}, rotatable=false, locationContextEnabled=true, mobileEmulationEnabled=false, version=51.0.2704.103, takesHeapSnapshot=true, cssSelectorsEnabled=true, databaseEnabled=false, handlesAlerts=true, browserConnectionEnabled=false, webStorageEnabled=true, nativeEvents=true, hasTouchScreen=false, applicationCacheEnabled=false, takesScreenshot=true}]
	at org.openqa.selenium.support.ui.WebDriverWait.timeoutException(WebDriverWait.java:80)
	at org.openqa.selenium.support.ui.FluentWait.until(FluentWait.java:261)
	at GenericLib.CommonMethods.WaitForElement(CommonMethods.java:34)
	at TestCases.CreditCard.CheckTermsAndCondnDtlsForCreditCard.testCheckTermsAndCondnDtlsForCreditCard(CheckTermsAndCondnDtlsForCreditCard.java:83)
	at sun.reflect.NativeMethodAccessorImpl.invoke0(Native Method)
	at sun.reflect.NativeMethodAccessorImpl.invoke(NativeMethodAccessorImpl.java:57)
	at sun.reflect.DelegatingMethodAccessorImpl.invoke(DelegatingMethodAccessorImpl.java:43)
	at java.lang.reflect.Method.invoke(Method.java:606)
	at org.testng.internal.MethodInvocationHelper.invokeMethod(MethodInvocationHelper.java:85)
	at org.testng.internal.Invoker.invokeMethod(Invoker.java:639)
	at org.testng.internal.Invoker.invokeTestMethod(Invoker.java:816)
	at org.testng.internal.Invoker.invokeTestMethods(Invoker.java:1124)
	at org.testng.internal.TestMethodWorker.invokeTestMethods(TestMethodWorker.java:125)
	at org.testng.internal.TestMethodWorker.run(TestMethodWorker.java:108)
	at java.util.concurrent.ThreadPoolExecutor.runWorker(ThreadPoolExecutor.java:1145)
	at java.util.concurrent.ThreadPoolExecutor$Worker.run(ThreadPoolExecutor.java:615)
	at java.lang.Thread.run(Thread.java:744)
Caused by: org.openqa.selenium.NoSuchElementException: no such element: Unable to locate element: {&quot;method&quot;:&quot;xpath&quot;,&quot;selector&quot;:&quot;//p/a[text()=&apos;Terms and Conditions&apos;]&quot;}
  (Session info: chrome=51.0.2704.103)
  (Driver info: chromedriver=2.20.353145 (343b531d31eeb933ec778dbcf7081628a1396067),platform=Windows NT 6.1 SP1 x86_64) (WARNING: The server did not provide any stacktrace information)
Command duration or timeout: 30.07 seconds
For documentation on this error, please visit: http://seleniumhq.org/exceptions/no_such_element.html
Build info: version: &apos;2.53.0&apos;, revision: &apos;35ae25b&apos;, time: &apos;2016-03-15 16:57:40&apos;
System info: host: &apos;XIN009OLAB14917&apos;, ip: &apos;10.140.2.187&apos;, os.name: &apos;Windows 7&apos;, os.arch: &apos;amd64&apos;, os.version: &apos;6.1&apos;, java.version: &apos;1.7.0_60-ea&apos;
*** Element info: {Using=xpath, value=//p/a[text()=&apos;Terms and Conditions&apos;]}
Session ID: 4ee75f202f40815a9e5e775598dff53a
Driver info: org.openqa.selenium.chrome.ChromeDriver
Capabilities [{platform=XP, acceptSslCerts=true, javascriptEnabled=true, browserName=chrome, chrome={userDataDir=C:\Windows\Temp\scoped_dir10360_5790}, rotatable=false, locationContextEnabled=true, mobileEmulationEnabled=false, version=51.0.2704.103, takesHeapSnapshot=true, cssSelectorsEnabled=true, databaseEnabled=false, handlesAlerts=true, browserConnectionEnabled=false, webStorageEnabled=true, nativeEvents=true, hasTouchScreen=false, applicationCacheEnabled=false, takesScreenshot=true}]
	at sun.reflect.NativeConstructorAccessorImpl.newInstance0(Native Method)
	at sun.reflect.NativeConstructorAccessorImpl.newInstance(NativeConstructorAccessorImpl.java:57)
	at sun.reflect.DelegatingConstructorAccessorImpl.newInstance(DelegatingConstructorAccessorImpl.java:45)
	at java.lang.reflect.Constructor.newInstance(Constructor.java:526)
	at org.openqa.selenium.remote.ErrorHandler.createThrowable(ErrorHandler.java:206)
	at org.openqa.selenium.remote.ErrorHandler.throwIfResponseFailed(ErrorHandler.java:158)
	at org.openqa.selenium.remote.RemoteWebDriver.execute(RemoteWebDriver.java:678)
	at org.openqa.selenium.remote.RemoteWebDriver.findElement(RemoteWebDriver.java:363)
	at org.openqa.selenium.remote.RemoteWebDriver.findElementByXPath(RemoteWebDriver.java:500)
	at org.openqa.selenium.By$ByXPath.findElement(By.java:361)
	at org.openqa.selenium.remote.RemoteWebDriver.findElement(RemoteWebDriver.java:355)
	at org.openqa.selenium.support.pagefactory.DefaultElementLocator.findElement(DefaultElementLocator.java:69)
	at org.openqa.selenium.support.pagefactory.internal.LocatingElementHandler.invoke(LocatingElementHandler.java:38)
	at com.sun.proxy.$Proxy9.isDisplayed(Unknown Source)
	at org.openqa.selenium.support.ui.ExpectedConditions.elementIfVisible(ExpectedConditions.java:302)
	at org.openqa.selenium.support.ui.ExpectedConditions.access$1(ExpectedConditions.java:301)
	at org.openqa.selenium.support.ui.ExpectedConditions$10.apply(ExpectedConditions.java:288)
	at org.openqa.selenium.support.ui.ExpectedConditions$10.apply(ExpectedConditions.java:1)
	at org.openqa.selenium.support.ui.FluentWait.until(FluentWait.java:238)
	... 15 more
</pre></div></td>
<td>387</td>
<td>TestCases.CreditCard.CheckTermsAndCondnDtlsForCreditCard@4162ca06</td></tr>
<tr>
<td title='TestCases.CreditCard.VerifyPaymentWithoutSaveCheckCC.testVerifyPaymentWithoutSaveCheckCC()'><b>testVerifyPaymentWithoutSaveCheckCC</b><br>Test class: TestCases.CreditCard.VerifyPaymentWithoutSaveCheckCC<br>Parameters: [Test: "CCTest" verbose:1[parameters:browser=>Chrome][metagroups:] [included: ][excluded: ]  classes:[XmlClass class=TestCases.CreditCard.CheckTermsAndCondnDtlsForCreditCard] [XmlClass class=TestCases.CreditCard.EditZipCodeCC] [XmlClass class=TestCases.CreditCard.VerifyPaymentWithoutSaveCheckCC] [XmlClass class=TestCases.CreditCard.ModalPopUpCancelCC] [XmlClass class=TestCases.CreditCard.CCAutomationE2E] [XmlClass class=TestCases.CreditCard.EditPastDateCC] [XmlClass class=TestCases.CreditCard.VerifyPaymentWithSaveCheckCC] [XmlClass class=TestCases.CreditCard.VerifyCancellationInfoCC] [XmlClass class=TestCases.CreditCard.VerifyAmountAndDateFieldsCC] [XmlClass class=TestCases.CreditCard.EditFutureExpirationDateCC]  packages:] </td>
<td><div><pre>java.lang.AssertionError: expected [0] but found [1]
	at TestCases.CreditCard.VerifyPaymentWithoutSaveCheckCC.testVerifyPaymentWithoutSaveCheckCC(VerifyPaymentWithoutSaveCheckCC.java:137)
	at java.util.concurrent.ThreadPoolExecutor.runWorker(ThreadPoolExecutor.java:1145)
	at java.util.concurrent.ThreadPoolExecutor$Worker.run(ThreadPoolExecutor.java:615)
	at java.lang.Thread.run(Thread.java:744)
... Removed 15 stack frames</pre></div><a href='#' onClick='toggleBox("stack-trace1383913065", this, "Click to show all stack frames", "Click to hide stack frames")'>Click to show all stack frames</a>
<div class='stack-trace' id='stack-trace1383913065'><pre>java.lang.AssertionError: expected [0] but found [1]
	at org.testng.Assert.fail(Assert.java:94)
	at org.testng.Assert.failNotEquals(Assert.java:496)
	at org.testng.Assert.assertEquals(Assert.java:125)
	at org.testng.Assert.assertEquals(Assert.java:372)
	at org.testng.Assert.assertEquals(Assert.java:382)
	at TestCases.CreditCard.VerifyPaymentWithoutSaveCheckCC.testVerifyPaymentWithoutSaveCheckCC(VerifyPaymentWithoutSaveCheckCC.java:137)
	at sun.reflect.NativeMethodAccessorImpl.invoke0(Native Method)
	at sun.reflect.NativeMethodAccessorImpl.invoke(NativeMethodAccessorImpl.java:57)
	at sun.reflect.DelegatingMethodAccessorImpl.invoke(DelegatingMethodAccessorImpl.java:43)
	at java.lang.reflect.Method.invoke(Method.java:606)
	at org.testng.internal.MethodInvocationHelper.invokeMethod(MethodInvocationHelper.java:85)
	at org.testng.internal.Invoker.invokeMethod(Invoker.java:639)
	at org.testng.internal.Invoker.invokeTestMethod(Invoker.java:816)
	at org.testng.internal.Invoker.invokeTestMethods(Invoker.java:1124)
	at org.testng.internal.TestMethodWorker.invokeTestMethods(TestMethodWorker.java:125)
	at org.testng.internal.TestMethodWorker.run(TestMethodWorker.java:108)
	at java.util.concurrent.ThreadPoolExecutor.runWorker(ThreadPoolExecutor.java:1145)
	at java.util.concurrent.ThreadPoolExecutor$Worker.run(ThreadPoolExecutor.java:615)
	at java.lang.Thread.run(Thread.java:744)
</pre></div></td>
<td>313</td>
<td>TestCases.CreditCard.VerifyPaymentWithoutSaveCheckCC@3963542c</td></tr>
</table><p>
<table width='100%' border='1' class='invocation-passed'>
<tr><td colspan='4' align='center'><b>PASSED TESTS</b></td></tr>
<tr><td><b>Test method</b></td>
<td width="30%"><b>Exception</b></td>
<td width="10%"><b>Time (seconds)</b></td>
<td><b>Instance</b></td>
</tr>
<tr>
<td title='TestCases.CreditCard.ModalPopUpCancelCC.PopupCancel()'><b>PopupCancel</b><br>Test class: TestCases.CreditCard.ModalPopUpCancelCC</td>
<td></td>
<td>135</td>
<td>TestCases.CreditCard.ModalPopUpCancelCC@282b3223</td></tr>
<tr>
<td title='TestCases.CreditCard.VerifyPaymentWithSaveCheckCC.VerifyPaymentWithSave()'><b>VerifyPaymentWithSave</b><br>Test class: TestCases.CreditCard.VerifyPaymentWithSaveCheckCC<br>Parameters: [Test: "CCTest" verbose:1[parameters:browser=>Chrome][metagroups:] [included: ][excluded: ]  classes:[XmlClass class=TestCases.CreditCard.CheckTermsAndCondnDtlsForCreditCard] [XmlClass class=TestCases.CreditCard.EditZipCodeCC] [XmlClass class=TestCases.CreditCard.VerifyPaymentWithoutSaveCheckCC] [XmlClass class=TestCases.CreditCard.ModalPopUpCancelCC] [XmlClass class=TestCases.CreditCard.CCAutomationE2E] [XmlClass class=TestCases.CreditCard.EditPastDateCC] [XmlClass class=TestCases.CreditCard.VerifyPaymentWithSaveCheckCC] [XmlClass class=TestCases.CreditCard.VerifyCancellationInfoCC] [XmlClass class=TestCases.CreditCard.VerifyAmountAndDateFieldsCC] [XmlClass class=TestCases.CreditCard.EditFutureExpirationDateCC]  packages:] </td>
<td></td>
<td>306</td>
<td>TestCases.CreditCard.VerifyPaymentWithSaveCheckCC@27ac0d45</td></tr>
<tr>
<td title='TestCases.CreditCard.EditZipCodeCC.editZip()'><b>editZip</b><br>Test class: TestCases.CreditCard.EditZipCodeCC</td>
<td></td>
<td>152</td>
<td>TestCases.CreditCard.EditZipCodeCC@3cbd7173</td></tr>
<tr>
<td title='TestCases.CreditCard.EditPastDateCC.pastDate()'><b>pastDate</b><br>Test class: TestCases.CreditCard.EditPastDateCC</td>
<td></td>
<td>158</td>
<td>TestCases.CreditCard.EditPastDateCC@3890c1ee</td></tr>
<tr>
<td title='TestCases.CreditCard.EditFutureExpirationDateCC.testEditFutureExpirationDateCC()'><b>testEditFutureExpirationDateCC</b><br>Test class: TestCases.CreditCard.EditFutureExpirationDateCC</td>
<td></td>
<td>192</td>
<td>TestCases.CreditCard.EditFutureExpirationDateCC@340e92fe</td></tr>
<tr>
<td title='TestCases.CreditCard.VerifyAmountAndDateFieldsCC.testVerifyAmountAndDateFieldsCC()'><b>testVerifyAmountAndDateFieldsCC</b><br>Test class: TestCases.CreditCard.VerifyAmountAndDateFieldsCC</td>
<td></td>
<td>151</td>
<td>TestCases.CreditCard.VerifyAmountAndDateFieldsCC@40e00788</td></tr>
<tr>
<td title='TestCases.CreditCard.VerifyCancellationInfoCC.testVerifyCancellationInfoCC()'><b>testVerifyCancellationInfoCC</b><br>Test class: TestCases.CreditCard.VerifyCancellationInfoCC</td>
<td></td>
<td>116</td>
<td>TestCases.CreditCard.VerifyCancellationInfoCC@109b415c</td></tr>
</table><p>
</body>
</html>