<?xml version="1.0" encoding="UTF-8"?>
<!-- Generated by org.testng.reporters.JUnitXMLReporter -->
<testsuite hostname="XIN009ODAB56363" name="FF Test" tests="5" failures="0" timestamp="3 Jun 2016 10:48:48 GMT" time="15.129" errors="0">
  <testcase name="@BeforeClass Precondition" time="0.0" classname="TestCases.ACH.VerifyACHConvenienceFeeInAllPages">
    <failure type="org.openqa.selenium.WebDriverException" message="f.QueryInterface is not a function
Command duration or timeout: 0 milliseconds
Build info: version: &amp;apos;2.47.1&amp;apos;, revision: &amp;apos;411b314&amp;apos;, time: &amp;apos;2015-07-30 03:03:16&amp;apos;
System info: host: &amp;apos;XIN009ODAB56363&amp;apos;, ip: &amp;apos;10.140.0.192&amp;apos;, os.name: &amp;apos;Windows 7&amp;apos;, os.arch: &amp;apos;amd64&amp;apos;, os.version: &amp;apos;6.1&amp;apos;, java.version: &amp;apos;1.7.0_60&amp;apos;
Session ID: 700a2d10-9053-4990-a7bc-55df2ba268dc
Driver info: org.openqa.selenium.firefox.FirefoxDriver
Capabilities [{platform=WINDOWS, acceptSslCerts=true, javascriptEnabled=true, cssSelectorsEnabled=true, databaseEnabled=true, browserName=firefox, handlesAlerts=true, nativeEvents=false, webStorageEnabled=true, rotatable=false, locationContextEnabled=true, applicationCacheEnabled=true, takesScreenshot=true, version=38.4.0}]">
      <![CDATA[org.openqa.selenium.WebDriverException: f.QueryInterface is not a function
Command duration or timeout: 0 milliseconds
Build info: version: '2.47.1', revision: '411b314', time: '2015-07-30 03:03:16'
System info: host: 'XIN009ODAB56363', ip: '10.140.0.192', os.name: 'Windows 7', os.arch: 'amd64', os.version: '6.1', java.version: '1.7.0_60'
Session ID: 700a2d10-9053-4990-a7bc-55df2ba268dc
Driver info: org.openqa.selenium.firefox.FirefoxDriver
Capabilities [{platform=WINDOWS, acceptSslCerts=true, javascriptEnabled=true, cssSelectorsEnabled=true, databaseEnabled=true, browserName=firefox, handlesAlerts=true, nativeEvents=false, webStorageEnabled=true, rotatable=false, locationContextEnabled=true, applicationCacheEnabled=true, takesScreenshot=true, version=38.4.0}]
	at org.openqa.selenium.remote.ErrorHandler.createThrowable(ErrorHandler.java:206)
	at org.openqa.selenium.remote.ErrorHandler.throwIfResponseFailed(ErrorHandler.java:158)
	at org.openqa.selenium.remote.RemoteWebDriver.execute(RemoteWebDriver.java:595)
	at org.openqa.selenium.remote.RemoteWebDriver.get(RemoteWebDriver.java:306)
	at TestCases.ExtendingACH.Precondition(ExtendingACH.java:49)
	at java.util.concurrent.FutureTask.run(Unknown Source)
	at java.util.concurrent.ThreadPoolExecutor.runWorker(Unknown Source)
	at java.util.concurrent.ThreadPoolExecutor$Worker.run(Unknown Source)
	at java.lang.Thread.run(Unknown Source)
Caused by: org.openqa.selenium.WebDriverException: f.QueryInterface is not a function
Build info: version: '2.47.1', revision: '411b314', time: '2015-07-30 03:03:16'
System info: host: 'XIN009ODAB56363', ip: '10.140.0.192', os.name: 'Windows 7', os.arch: 'amd64', os.version: '6.1', java.version: '1.7.0_60'
Driver info: driver.version: unknown
	at <anonymous class>.FirefoxDriver.prototype.get(file:///C:/Windows/Temp/anonymous9130413871051042707webdriver-profile/extensions/fxdriver@googlecode.com/components/driver-component.js:10528)
	at <anonymous class>.DelayedCommand.prototype.executeInternal_/h(file:///C:/Windows/Temp/anonymous9130413871051042707webdriver-profile/extensions/fxdriver@googlecode.com/components/command-processor.js:12643)
	at <anonymous class>.DelayedCommand.prototype.executeInternal_(file:///C:/Windows/Temp/anonymous9130413871051042707webdriver-profile/extensions/fxdriver@googlecode.com/components/command-processor.js:12648)
	at <anonymous class>.DelayedCommand.prototype.execute/<(file:///C:/Windows/Temp/anonymous9130413871051042707webdriver-profile/extensions/fxdriver@googlecode.com/components/command-processor.js:12590)
... Removed 20 stack frames]]>
    </failure>
  </testcase> <!-- @BeforeClass Precondition -->
  <testcase name="@BeforeMethod beforeMethod" time="0.0" classname="TestCases.ACH.VerifyACHConvenienceFeeInAllPages">
    <skipped/>
  </testcase> <!-- @BeforeMethod beforeMethod -->
  <testcase name="@AfterMethod tearDown" time="0.0" classname="TestCases.ACH.VerifyACHConvenienceFeeInAllPages">
    <skipped/>
  </testcase> <!-- @AfterMethod tearDown -->
  <testcase name="@BeforeClass Precondition" time="0.0" classname="TestCases.ACH.DeleteExistingInstrumentACH">
    <skipped/>
  </testcase> <!-- @BeforeClass Precondition -->
  <testcase name="@BeforeMethod beforeMethod" time="0.0" classname="TestCases.ACH.DeleteExistingInstrumentACH">
    <skipped/>
  </testcase> <!-- @BeforeMethod beforeMethod -->
  <testcase name="@AfterMethod tearDown" time="0.0" classname="TestCases.ACH.DeleteExistingInstrumentACH">
    <skipped/>
  </testcase> <!-- @AfterMethod tearDown -->
  <testcase name="@BeforeClass Precondition" time="0.0" classname="TestCases.ACH.CheckTermsAndCondnDtlsInACHPymt">
    <skipped/>
  </testcase> <!-- @BeforeClass Precondition -->
  <testcase name="@BeforeMethod beforeMethod" time="0.0" classname="TestCases.ACH.CheckTermsAndCondnDtlsInACHPymt">
    <skipped/>
  </testcase> <!-- @BeforeMethod beforeMethod -->
  <testcase name="@AfterMethod tearDown" time="0.0" classname="TestCases.ACH.CheckTermsAndCondnDtlsInACHPymt">
    <skipped/>
  </testcase> <!-- @AfterMethod tearDown -->
  <testcase name="@BeforeClass Precondition" time="0.0" classname="TestCases.ACH.VerifyCancellationInfoACH">
    <skipped/>
  </testcase> <!-- @BeforeClass Precondition -->
  <testcase name="@BeforeMethod beforeMethod" time="0.0" classname="TestCases.ACH.VerifyCancellationInfoACH">
    <skipped/>
  </testcase> <!-- @BeforeMethod beforeMethod -->
  <testcase name="@AfterMethod tearDown" time="0.0" classname="TestCases.ACH.VerifyCancellationInfoACH">
    <skipped/>
  </testcase> <!-- @AfterMethod tearDown -->
  <testcase name="@BeforeClass Precondition" time="0.0" classname="TestCases.ACH.VerifyAmountAndDateFieldsACH">
    <skipped/>
  </testcase> <!-- @BeforeClass Precondition -->
  <testcase name="@BeforeMethod beforeMethod" time="0.0" classname="TestCases.ACH.VerifyAmountAndDateFieldsACH">
    <skipped/>
  </testcase> <!-- @BeforeMethod beforeMethod -->
  <testcase name="@AfterMethod tearDown" time="0.0" classname="TestCases.ACH.VerifyAmountAndDateFieldsACH">
    <skipped/>
  </testcase> <!-- @AfterMethod tearDown -->
  <testcase name="testVerifyACHConvenienceFeeInAllPages" time="0.0" classname="TestCases.ACH.VerifyACHConvenienceFeeInAllPages">
    <skipped/>
  </testcase> <!-- testVerifyACHConvenienceFeeInAllPages -->
  <testcase name="ccTestCase7Execution" time="0.0" classname="TestCases.ACH.DeleteExistingInstrumentACH">
    <skipped/>
  </testcase> <!-- ccTestCase7Execution -->
  <testcase name="testCheckTermsAndCondnDtlsInACHPymt" time="0.0" classname="TestCases.ACH.CheckTermsAndCondnDtlsInACHPymt">
    <skipped/>
  </testcase> <!-- testCheckTermsAndCondnDtlsInACHPymt -->
  <testcase name="testVerifyCancellationInfoACH" time="0.0" classname="TestCases.ACH.VerifyCancellationInfoACH">
    <skipped/>
  </testcase> <!-- testVerifyCancellationInfoACH -->
  <testcase name="ccTestCase7Execution" time="0.0" classname="TestCases.ACH.VerifyAmountAndDateFieldsACH">
    <skipped/>
  </testcase> <!-- ccTestCase7Execution -->
</testsuite> <!-- FF Test -->
