<html>
<head>
<title>TestNG:  FF Test</title>
<link href="../testng.css" rel="stylesheet" type="text/css" />
<link href="../my-testng.css" rel="stylesheet" type="text/css" />

<style type="text/css">
.log { display: none;} 
.stack-trace { display: none;} 
</style>
<script type="text/javascript">
<!--
function flip(e) {
  current = e.style.display;
  if (current == 'block') {
    e.style.display = 'none';
    return 0;
  }
  else {
    e.style.display = 'block';
    return 1;
  }
}

function toggleBox(szDivId, elem, msg1, msg2)
{
  var res = -1;  if (document.getElementById) {
    res = flip(document.getElementById(szDivId));
  }
  else if (document.all) {
    // this is the way old msie versions work
    res = flip(document.all[szDivId]);
  }
  if(elem) {
    if(res == 0) elem.innerHTML = msg1; else elem.innerHTML = msg2;
  }

}

function toggleAllBoxes() {
  if (document.getElementsByTagName) {
    d = document.getElementsByTagName('div');
    for (i = 0; i < d.length; i++) {
      if (d[i].className == 'log') {
        flip(d[i]);
      }
    }
  }
}

// -->
</script>

</head>
<body>
<h2 align='center'>FF Test</h2><table border='1' align="center">
<tr>
<td>Tests passed/Failed/Skipped:</td><td>0/0/5</td>
</tr><tr>
<td>Started on:</td><td>Fri Jun 03 16:18:33 IST 2016</td>
</tr>
<tr><td>Total time:</td><td>15 seconds (15129 ms)</td>
</tr><tr>
<td>Included groups:</td><td></td>
</tr><tr>
<td>Excluded groups:</td><td></td>
</tr>
</table><p/>
<small><i>(Hover the method name to see the test class name)</i></small><p/>
<table width='100%' border='1' class='invocation-failed'>
<tr><td colspan='4' align='center'><b>FAILED CONFIGURATIONS</b></td></tr>
<tr><td><b>Test method</b></td>
<td width="30%"><b>Exception</b></td>
<td width="10%"><b>Time (seconds)</b></td>
<td><b>Instance</b></td>
</tr>
<tr>
<td title='TestCases.ACH.VerifyACHConvenienceFeeInAllPages.Precondition()'><b>Precondition</b><br>Test class: TestCases.ACH.VerifyACHConvenienceFeeInAllPages<br>Parameters: [Test: "FF Test" verbose:1[parameters:browser=>FF][metagroups:] [included: ][excluded: ]  classes:[XmlClass class=TestCases.ACH.VerifyACHConvenienceFeeInAllPages] [XmlClass class=TestCases.ACH.DeleteExistingInstrumentACH] [XmlClass class=TestCases.ACH.CheckTermsAndCondnDtlsInACHPymt] [XmlClass class=TestCases.ACH.VerifyCancellationInfoACH] [XmlClass class=TestCases.ACH.VerifyAmountAndDateFieldsACH]  packages:] </td>
<td><div><pre>org.openqa.selenium.WebDriverException: f.QueryInterface is not a function
Command duration or timeout: 0 milliseconds
Build info: version: &apos;2.47.1&apos;, revision: &apos;411b314&apos;, time: &apos;2015-07-30 03:03:16&apos;
System info: host: &apos;XIN009ODAB56363&apos;, ip: &apos;10.140.0.192&apos;, os.name: &apos;Windows 7&apos;, os.arch: &apos;amd64&apos;, os.version: &apos;6.1&apos;, java.version: &apos;1.7.0_60&apos;
Session ID: 700a2d10-9053-4990-a7bc-55df2ba268dc
Driver info: org.openqa.selenium.firefox.FirefoxDriver
Capabilities [{platform=WINDOWS, acceptSslCerts=true, javascriptEnabled=true, cssSelectorsEnabled=true, databaseEnabled=true, browserName=firefox, handlesAlerts=true, nativeEvents=false, webStorageEnabled=true, rotatable=false, locationContextEnabled=true, applicationCacheEnabled=true, takesScreenshot=true, version=38.4.0}]
	at org.openqa.selenium.remote.ErrorHandler.createThrowable(ErrorHandler.java:206)
	at org.openqa.selenium.remote.ErrorHandler.throwIfResponseFailed(ErrorHandler.java:158)
	at org.openqa.selenium.remote.RemoteWebDriver.execute(RemoteWebDriver.java:595)
	at org.openqa.selenium.remote.RemoteWebDriver.get(RemoteWebDriver.java:306)
	at TestCases.ExtendingACH.Precondition(ExtendingACH.java:49)
	at java.util.concurrent.FutureTask.run(Unknown Source)
	at java.util.concurrent.ThreadPoolExecutor.runWorker(Unknown Source)
	at java.util.concurrent.ThreadPoolExecutor$Worker.run(Unknown Source)
	at java.lang.Thread.run(Unknown Source)
Caused by: org.openqa.selenium.WebDriverException: f.QueryInterface is not a function
Build info: version: &apos;2.47.1&apos;, revision: &apos;411b314&apos;, time: &apos;2015-07-30 03:03:16&apos;
System info: host: &apos;XIN009ODAB56363&apos;, ip: &apos;10.140.0.192&apos;, os.name: &apos;Windows 7&apos;, os.arch: &apos;amd64&apos;, os.version: &apos;6.1&apos;, java.version: &apos;1.7.0_60&apos;
Driver info: driver.version: unknown
	at &lt;anonymous class&gt;.FirefoxDriver.prototype.get(file:///C:/Windows/Temp/anonymous9130413871051042707webdriver-profile/extensions/fxdriver@googlecode.com/components/driver-component.js:10528)
	at &lt;anonymous class&gt;.DelayedCommand.prototype.executeInternal_/h(file:///C:/Windows/Temp/anonymous9130413871051042707webdriver-profile/extensions/fxdriver@googlecode.com/components/command-processor.js:12643)
	at &lt;anonymous class&gt;.DelayedCommand.prototype.executeInternal_(file:///C:/Windows/Temp/anonymous9130413871051042707webdriver-profile/extensions/fxdriver@googlecode.com/components/command-processor.js:12648)
	at &lt;anonymous class&gt;.DelayedCommand.prototype.execute/&lt;(file:///C:/Windows/Temp/anonymous9130413871051042707webdriver-profile/extensions/fxdriver@googlecode.com/components/command-processor.js:12590)
... Removed 20 stack frames</pre></div><a href='#' onClick='toggleBox("stack-trace386459501", this, "Click to show all stack frames", "Click to hide stack frames")'>Click to show all stack frames</a>
<div class='stack-trace' id='stack-trace386459501'><pre>org.openqa.selenium.WebDriverException: f.QueryInterface is not a function
Command duration or timeout: 0 milliseconds
Build info: version: &apos;2.47.1&apos;, revision: &apos;411b314&apos;, time: &apos;2015-07-30 03:03:16&apos;
System info: host: &apos;XIN009ODAB56363&apos;, ip: &apos;10.140.0.192&apos;, os.name: &apos;Windows 7&apos;, os.arch: &apos;amd64&apos;, os.version: &apos;6.1&apos;, java.version: &apos;1.7.0_60&apos;
Session ID: 700a2d10-9053-4990-a7bc-55df2ba268dc
Driver info: org.openqa.selenium.firefox.FirefoxDriver
Capabilities [{platform=WINDOWS, acceptSslCerts=true, javascriptEnabled=true, cssSelectorsEnabled=true, databaseEnabled=true, browserName=firefox, handlesAlerts=true, nativeEvents=false, webStorageEnabled=true, rotatable=false, locationContextEnabled=true, applicationCacheEnabled=true, takesScreenshot=true, version=38.4.0}]
	at sun.reflect.NativeConstructorAccessorImpl.newInstance0(Native Method)
	at sun.reflect.NativeConstructorAccessorImpl.newInstance(Unknown Source)
	at sun.reflect.DelegatingConstructorAccessorImpl.newInstance(Unknown Source)
	at java.lang.reflect.Constructor.newInstance(Unknown Source)
	at org.openqa.selenium.remote.ErrorHandler.createThrowable(ErrorHandler.java:206)
	at org.openqa.selenium.remote.ErrorHandler.throwIfResponseFailed(ErrorHandler.java:158)
	at org.openqa.selenium.remote.RemoteWebDriver.execute(RemoteWebDriver.java:595)
	at org.openqa.selenium.remote.RemoteWebDriver.get(RemoteWebDriver.java:306)
	at TestCases.ExtendingACH.Precondition(ExtendingACH.java:49)
	at sun.reflect.NativeMethodAccessorImpl.invoke0(Native Method)
	at sun.reflect.NativeMethodAccessorImpl.invoke(Unknown Source)
	at sun.reflect.DelegatingMethodAccessorImpl.invoke(Unknown Source)
	at java.lang.reflect.Method.invoke(Unknown Source)
	at org.testng.internal.MethodInvocationHelper.invokeMethod(MethodInvocationHelper.java:86)
	at org.testng.internal.Invoker.invokeConfigurationMethod(Invoker.java:515)
	at org.testng.internal.Invoker.invokeConfigurations(Invoker.java:216)
	at org.testng.internal.Invoker.invokeConfigurations(Invoker.java:143)
	at org.testng.internal.TestMethodWorker.invokeBeforeClassMethods(TestMethodWorker.java:178)
	at org.testng.internal.TestMethodWorker.run(TestMethodWorker.java:108)
	at org.testng.TestRunner.privateRun(TestRunner.java:778)
	at org.testng.TestRunner.run(TestRunner.java:632)
	at org.testng.SuiteRunner.runTest(SuiteRunner.java:366)
	at org.testng.SuiteRunner.access$000(SuiteRunner.java:39)
	at org.testng.SuiteRunner$SuiteWorker.run(SuiteRunner.java:400)
	at org.testng.internal.thread.ThreadUtil$2.call(ThreadUtil.java:64)
	at java.util.concurrent.FutureTask.run(Unknown Source)
	at java.util.concurrent.ThreadPoolExecutor.runWorker(Unknown Source)
	at java.util.concurrent.ThreadPoolExecutor$Worker.run(Unknown Source)
	at java.lang.Thread.run(Unknown Source)
Caused by: org.openqa.selenium.WebDriverException: f.QueryInterface is not a function
Build info: version: &apos;2.47.1&apos;, revision: &apos;411b314&apos;, time: &apos;2015-07-30 03:03:16&apos;
System info: host: &apos;XIN009ODAB56363&apos;, ip: &apos;10.140.0.192&apos;, os.name: &apos;Windows 7&apos;, os.arch: &apos;amd64&apos;, os.version: &apos;6.1&apos;, java.version: &apos;1.7.0_60&apos;
Driver info: driver.version: unknown
	at &lt;anonymous class&gt;.FirefoxDriver.prototype.get(file:///C:/Windows/Temp/anonymous9130413871051042707webdriver-profile/extensions/fxdriver@googlecode.com/components/driver-component.js:10528)
	at &lt;anonymous class&gt;.DelayedCommand.prototype.executeInternal_/h(file:///C:/Windows/Temp/anonymous9130413871051042707webdriver-profile/extensions/fxdriver@googlecode.com/components/command-processor.js:12643)
	at &lt;anonymous class&gt;.DelayedCommand.prototype.executeInternal_(file:///C:/Windows/Temp/anonymous9130413871051042707webdriver-profile/extensions/fxdriver@googlecode.com/components/command-processor.js:12648)
	at &lt;anonymous class&gt;.DelayedCommand.prototype.execute/&lt;(file:///C:/Windows/Temp/anonymous9130413871051042707webdriver-profile/extensions/fxdriver@googlecode.com/components/command-processor.js:12590)
</pre></div></td>
<td>0</td>
<td>TestCases.ACH.VerifyACHConvenienceFeeInAllPages@7b1a5d31</td></tr>
</table><p>
<table width='100%' border='1' class='invocation-skipped'>
<tr><td colspan='4' align='center'><b>SKIPPED CONFIGURATIONS</b></td></tr>
<tr><td><b>Test method</b></td>
<td width="30%"><b>Exception</b></td>
<td width="10%"><b>Time (seconds)</b></td>
<td><b>Instance</b></td>
</tr>
<tr>
<td title='TestCases.ACH.DeleteExistingInstrumentACH.Precondition()'><b>Precondition</b><br>Test class: TestCases.ACH.DeleteExistingInstrumentACH</td>
<td></td>
<td>0</td>
<td>TestCases.ACH.DeleteExistingInstrumentACH@7fdc7b1a</td></tr>
<tr>
<td title='TestCases.ACH.CheckTermsAndCondnDtlsInACHPymt.Precondition()'><b>Precondition</b><br>Test class: TestCases.ACH.CheckTermsAndCondnDtlsInACHPymt</td>
<td></td>
<td>0</td>
<td>TestCases.ACH.CheckTermsAndCondnDtlsInACHPymt@6416298a</td></tr>
<tr>
<td title='TestCases.ACH.VerifyCancellationInfoACH.Precondition()'><b>Precondition</b><br>Test class: TestCases.ACH.VerifyCancellationInfoACH</td>
<td></td>
<td>0</td>
<td>TestCases.ACH.VerifyCancellationInfoACH@6b01565b</td></tr>
<tr>
<td title='TestCases.ACH.VerifyAmountAndDateFieldsACH.Precondition()'><b>Precondition</b><br>Test class: TestCases.ACH.VerifyAmountAndDateFieldsACH</td>
<td></td>
<td>0</td>
<td>TestCases.ACH.VerifyAmountAndDateFieldsACH@24cca73f</td></tr>
<tr>
<td title='TestCases.ACH.VerifyACHConvenienceFeeInAllPages.beforeMethod()'><b>beforeMethod</b><br>Test class: TestCases.ACH.VerifyACHConvenienceFeeInAllPages</td>
<td></td>
<td>0</td>
<td>TestCases.ACH.VerifyACHConvenienceFeeInAllPages@7b1a5d31</td></tr>
<tr>
<td title='TestCases.ACH.DeleteExistingInstrumentACH.beforeMethod()'><b>beforeMethod</b><br>Test class: TestCases.ACH.DeleteExistingInstrumentACH</td>
<td></td>
<td>0</td>
<td>TestCases.ACH.DeleteExistingInstrumentACH@7fdc7b1a</td></tr>
<tr>
<td title='TestCases.ACH.CheckTermsAndCondnDtlsInACHPymt.beforeMethod()'><b>beforeMethod</b><br>Test class: TestCases.ACH.CheckTermsAndCondnDtlsInACHPymt</td>
<td></td>
<td>0</td>
<td>TestCases.ACH.CheckTermsAndCondnDtlsInACHPymt@6416298a</td></tr>
<tr>
<td title='TestCases.ACH.VerifyCancellationInfoACH.beforeMethod()'><b>beforeMethod</b><br>Test class: TestCases.ACH.VerifyCancellationInfoACH</td>
<td></td>
<td>0</td>
<td>TestCases.ACH.VerifyCancellationInfoACH@6b01565b</td></tr>
<tr>
<td title='TestCases.ACH.VerifyAmountAndDateFieldsACH.beforeMethod()'><b>beforeMethod</b><br>Test class: TestCases.ACH.VerifyAmountAndDateFieldsACH</td>
<td></td>
<td>0</td>
<td>TestCases.ACH.VerifyAmountAndDateFieldsACH@24cca73f</td></tr>
<tr>
<td title='TestCases.ACH.VerifyACHConvenienceFeeInAllPages.tearDown()'><b>tearDown</b><br>Test class: TestCases.ACH.VerifyACHConvenienceFeeInAllPages</td>
<td></td>
<td>0</td>
<td>TestCases.ACH.VerifyACHConvenienceFeeInAllPages@7b1a5d31</td></tr>
<tr>
<td title='TestCases.ACH.DeleteExistingInstrumentACH.tearDown()'><b>tearDown</b><br>Test class: TestCases.ACH.DeleteExistingInstrumentACH</td>
<td></td>
<td>0</td>
<td>TestCases.ACH.DeleteExistingInstrumentACH@7fdc7b1a</td></tr>
<tr>
<td title='TestCases.ACH.CheckTermsAndCondnDtlsInACHPymt.tearDown()'><b>tearDown</b><br>Test class: TestCases.ACH.CheckTermsAndCondnDtlsInACHPymt</td>
<td></td>
<td>0</td>
<td>TestCases.ACH.CheckTermsAndCondnDtlsInACHPymt@6416298a</td></tr>
<tr>
<td title='TestCases.ACH.VerifyCancellationInfoACH.tearDown()'><b>tearDown</b><br>Test class: TestCases.ACH.VerifyCancellationInfoACH</td>
<td></td>
<td>0</td>
<td>TestCases.ACH.VerifyCancellationInfoACH@6b01565b</td></tr>
<tr>
<td title='TestCases.ACH.VerifyAmountAndDateFieldsACH.tearDown()'><b>tearDown</b><br>Test class: TestCases.ACH.VerifyAmountAndDateFieldsACH</td>
<td></td>
<td>0</td>
<td>TestCases.ACH.VerifyAmountAndDateFieldsACH@24cca73f</td></tr>
</table><p>
<table width='100%' border='1' class='invocation-skipped'>
<tr><td colspan='4' align='center'><b>SKIPPED TESTS</b></td></tr>
<tr><td><b>Test method</b></td>
<td width="30%"><b>Exception</b></td>
<td width="10%"><b>Time (seconds)</b></td>
<td><b>Instance</b></td>
</tr>
<tr>
<td title='TestCases.ACH.DeleteExistingInstrumentACH.ccTestCase7Execution()'><b>ccTestCase7Execution</b><br>Test class: TestCases.ACH.DeleteExistingInstrumentACH</td>
<td></td>
<td>0</td>
<td>TestCases.ACH.DeleteExistingInstrumentACH@7fdc7b1a</td></tr>
<tr>
<td title='TestCases.ACH.VerifyAmountAndDateFieldsACH.ccTestCase7Execution()'><b>ccTestCase7Execution</b><br>Test class: TestCases.ACH.VerifyAmountAndDateFieldsACH</td>
<td></td>
<td>0</td>
<td>TestCases.ACH.VerifyAmountAndDateFieldsACH@24cca73f</td></tr>
<tr>
<td title='TestCases.ACH.CheckTermsAndCondnDtlsInACHPymt.testCheckTermsAndCondnDtlsInACHPymt()'><b>testCheckTermsAndCondnDtlsInACHPymt</b><br>Test class: TestCases.ACH.CheckTermsAndCondnDtlsInACHPymt</td>
<td></td>
<td>0</td>
<td>TestCases.ACH.CheckTermsAndCondnDtlsInACHPymt@6416298a</td></tr>
<tr>
<td title='TestCases.ACH.VerifyACHConvenienceFeeInAllPages.testVerifyACHConvenienceFeeInAllPages()'><b>testVerifyACHConvenienceFeeInAllPages</b><br>Test class: TestCases.ACH.VerifyACHConvenienceFeeInAllPages</td>
<td></td>
<td>0</td>
<td>TestCases.ACH.VerifyACHConvenienceFeeInAllPages@7b1a5d31</td></tr>
<tr>
<td title='TestCases.ACH.VerifyCancellationInfoACH.testVerifyCancellationInfoACH()'><b>testVerifyCancellationInfoACH</b><br>Test class: TestCases.ACH.VerifyCancellationInfoACH</td>
<td></td>
<td>0</td>
<td>TestCases.ACH.VerifyCancellationInfoACH@6b01565b</td></tr>
</table><p>
</body>
</html>