<?xml version="1.0" encoding="UTF-8"?>
<!-- Generated by org.testng.reporters.JUnitXMLReporter -->
<testsuite hostname="XIN009ODAB56363" name="GC Test" tests="12" failures="0" timestamp="3 Jun 2016 10:48:43 GMT" time="10.042" errors="0">
  <testcase name="@BeforeClass Precondition" time="0.0" classname="TestCases.CreditCard.NoKeepLinkCC">
    <failure type="org.openqa.selenium.WebDriverException" message="f.QueryInterface is not a function
Command duration or timeout: 16 milliseconds
Build info: version: &amp;apos;2.47.1&amp;apos;, revision: &amp;apos;411b314&amp;apos;, time: &amp;apos;2015-07-30 03:03:16&amp;apos;
System info: host: &amp;apos;XIN009ODAB56363&amp;apos;, ip: &amp;apos;10.140.0.192&amp;apos;, os.name: &amp;apos;Windows 7&amp;apos;, os.arch: &amp;apos;amd64&amp;apos;, os.version: &amp;apos;6.1&amp;apos;, java.version: &amp;apos;1.7.0_60&amp;apos;
Session ID: 737922c6-00e8-4024-8c03-510243049bc4
Driver info: org.openqa.selenium.firefox.FirefoxDriver
Capabilities [{platform=WINDOWS, acceptSslCerts=true, javascriptEnabled=true, cssSelectorsEnabled=true, databaseEnabled=true, browserName=firefox, handlesAlerts=true, nativeEvents=false, webStorageEnabled=true, rotatable=false, locationContextEnabled=true, applicationCacheEnabled=true, takesScreenshot=true, version=38.4.0}]">
      <![CDATA[org.openqa.selenium.WebDriverException: f.QueryInterface is not a function
Command duration or timeout: 16 milliseconds
Build info: version: '2.47.1', revision: '411b314', time: '2015-07-30 03:03:16'
System info: host: 'XIN009ODAB56363', ip: '10.140.0.192', os.name: 'Windows 7', os.arch: 'amd64', os.version: '6.1', java.version: '1.7.0_60'
Session ID: 737922c6-00e8-4024-8c03-510243049bc4
Driver info: org.openqa.selenium.firefox.FirefoxDriver
Capabilities [{platform=WINDOWS, acceptSslCerts=true, javascriptEnabled=true, cssSelectorsEnabled=true, databaseEnabled=true, browserName=firefox, handlesAlerts=true, nativeEvents=false, webStorageEnabled=true, rotatable=false, locationContextEnabled=true, applicationCacheEnabled=true, takesScreenshot=true, version=38.4.0}]
	at org.openqa.selenium.remote.ErrorHandler.createThrowable(ErrorHandler.java:206)
	at org.openqa.selenium.remote.ErrorHandler.throwIfResponseFailed(ErrorHandler.java:158)
	at org.openqa.selenium.remote.RemoteWebDriver.execute(RemoteWebDriver.java:595)
	at org.openqa.selenium.remote.RemoteWebDriver.get(RemoteWebDriver.java:306)
	at TestCases.ExtendingCC.Precondition(ExtendingCC.java:48)
	at java.util.concurrent.FutureTask.run(Unknown Source)
	at java.util.concurrent.ThreadPoolExecutor.runWorker(Unknown Source)
	at java.util.concurrent.ThreadPoolExecutor$Worker.run(Unknown Source)
	at java.lang.Thread.run(Unknown Source)
Caused by: org.openqa.selenium.WebDriverException: f.QueryInterface is not a function
Build info: version: '2.47.1', revision: '411b314', time: '2015-07-30 03:03:16'
System info: host: 'XIN009ODAB56363', ip: '10.140.0.192', os.name: 'Windows 7', os.arch: 'amd64', os.version: '6.1', java.version: '1.7.0_60'
Driver info: driver.version: unknown
	at <anonymous class>.FirefoxDriver.prototype.get(file:///C:/Windows/Temp/anonymous6690583910492473339webdriver-profile/extensions/fxdriver@googlecode.com/components/driver-component.js:10528)
	at <anonymous class>.DelayedCommand.prototype.executeInternal_/h(file:///C:/Windows/Temp/anonymous6690583910492473339webdriver-profile/extensions/fxdriver@googlecode.com/components/command-processor.js:12643)
	at <anonymous class>.DelayedCommand.prototype.executeInternal_(file:///C:/Windows/Temp/anonymous6690583910492473339webdriver-profile/extensions/fxdriver@googlecode.com/components/command-processor.js:12648)
	at <anonymous class>.DelayedCommand.prototype.execute/<(file:///C:/Windows/Temp/anonymous6690583910492473339webdriver-profile/extensions/fxdriver@googlecode.com/components/command-processor.js:12590)
... Removed 20 stack frames]]>
    </failure>
  </testcase> <!-- @BeforeClass Precondition -->
  <testcase name="@BeforeMethod beforeMethod" time="0.0" classname="TestCases.CreditCard.NoKeepLinkCC">
    <skipped/>
  </testcase> <!-- @BeforeMethod beforeMethod -->
  <testcase name="@AfterMethod tearDown" time="0.0" classname="TestCases.CreditCard.NoKeepLinkCC">
    <skipped/>
  </testcase> <!-- @AfterMethod tearDown -->
  <testcase name="@BeforeClass Precondition" time="0.0" classname="TestCases.CreditCard.CheckTermsAndCondnDtlsForCreditCard">
    <skipped/>
  </testcase> <!-- @BeforeClass Precondition -->
  <testcase name="@BeforeMethod beforeMethod" time="0.0" classname="TestCases.CreditCard.CheckTermsAndCondnDtlsForCreditCard">
    <skipped/>
  </testcase> <!-- @BeforeMethod beforeMethod -->
  <testcase name="@AfterMethod tearDown" time="0.0" classname="TestCases.CreditCard.CheckTermsAndCondnDtlsForCreditCard">
    <skipped/>
  </testcase> <!-- @AfterMethod tearDown -->
  <testcase name="@BeforeClass Precondition" time="0.0" classname="TestCases.CreditCard.EditZipCodeCC">
    <skipped/>
  </testcase> <!-- @BeforeClass Precondition -->
  <testcase name="@BeforeMethod beforeMethod" time="0.0" classname="TestCases.CreditCard.EditZipCodeCC">
    <skipped/>
  </testcase> <!-- @BeforeMethod beforeMethod -->
  <testcase name="@AfterMethod tearDown" time="0.0" classname="TestCases.CreditCard.EditZipCodeCC">
    <skipped/>
  </testcase> <!-- @AfterMethod tearDown -->
  <testcase name="@BeforeClass Precondition" time="0.0" classname="TestCases.CreditCard.VerifyPaymentWithoutSaveCheckCC">
    <skipped/>
  </testcase> <!-- @BeforeClass Precondition -->
  <testcase name="@BeforeMethod beforeMethod" time="0.0" classname="TestCases.CreditCard.VerifyPaymentWithoutSaveCheckCC">
    <skipped/>
  </testcase> <!-- @BeforeMethod beforeMethod -->
  <testcase name="@AfterMethod tearDown" time="0.0" classname="TestCases.CreditCard.VerifyPaymentWithoutSaveCheckCC">
    <skipped/>
  </testcase> <!-- @AfterMethod tearDown -->
  <testcase name="@BeforeClass Precondition" time="0.0" classname="TestCases.HandlingAccountPendingPopUp">
    <skipped/>
  </testcase> <!-- @BeforeClass Precondition -->
  <testcase name="@BeforeMethod beforeMethod" time="0.0" classname="TestCases.HandlingAccountPendingPopUp">
    <skipped/>
  </testcase> <!-- @BeforeMethod beforeMethod -->
  <testcase name="@AfterMethod tearDown" time="0.0" classname="TestCases.HandlingAccountPendingPopUp">
    <skipped/>
  </testcase> <!-- @AfterMethod tearDown -->
  <testcase name="@BeforeClass Precondition" time="0.0" classname="TestCases.CreditCard.ModalPopUpCancelCC">
    <skipped/>
  </testcase> <!-- @BeforeClass Precondition -->
  <testcase name="@BeforeMethod beforeMethod" time="0.0" classname="TestCases.CreditCard.ModalPopUpCancelCC">
    <skipped/>
  </testcase> <!-- @BeforeMethod beforeMethod -->
  <testcase name="@AfterMethod tearDown" time="0.0" classname="TestCases.CreditCard.ModalPopUpCancelCC">
    <skipped/>
  </testcase> <!-- @AfterMethod tearDown -->
  <testcase name="@BeforeClass Precondition" time="0.0" classname="TestCases.CCAutomationE2E">
    <skipped/>
  </testcase> <!-- @BeforeClass Precondition -->
  <testcase name="@BeforeMethod beforeMethod" time="0.0" classname="TestCases.CCAutomationE2E">
    <skipped/>
  </testcase> <!-- @BeforeMethod beforeMethod -->
  <testcase name="@AfterMethod tearDown" time="0.0" classname="TestCases.CCAutomationE2E">
    <skipped/>
  </testcase> <!-- @AfterMethod tearDown -->
  <testcase name="@BeforeClass Precondition" time="0.0" classname="TestCases.CreditCard.EditPastDateCC">
    <skipped/>
  </testcase> <!-- @BeforeClass Precondition -->
  <testcase name="@BeforeMethod beforeMethod" time="0.0" classname="TestCases.CreditCard.EditPastDateCC">
    <skipped/>
  </testcase> <!-- @BeforeMethod beforeMethod -->
  <testcase name="@AfterMethod tearDown" time="0.0" classname="TestCases.CreditCard.EditPastDateCC">
    <skipped/>
  </testcase> <!-- @AfterMethod tearDown -->
  <testcase name="@BeforeClass Precondition" time="0.0" classname="TestCases.CreditCard.VerifyPaymentWithSaveCheckCC">
    <skipped/>
  </testcase> <!-- @BeforeClass Precondition -->
  <testcase name="@BeforeMethod beforeMethod" time="0.0" classname="TestCases.CreditCard.VerifyPaymentWithSaveCheckCC">
    <skipped/>
  </testcase> <!-- @BeforeMethod beforeMethod -->
  <testcase name="@AfterMethod tearDown" time="0.0" classname="TestCases.CreditCard.VerifyPaymentWithSaveCheckCC">
    <skipped/>
  </testcase> <!-- @AfterMethod tearDown -->
  <testcase name="@BeforeClass Precondition" time="0.0" classname="TestCases.CreditCard.VerifyCancellationInfoCC">
    <skipped/>
  </testcase> <!-- @BeforeClass Precondition -->
  <testcase name="@BeforeMethod beforeMethod" time="0.0" classname="TestCases.CreditCard.VerifyCancellationInfoCC">
    <skipped/>
  </testcase> <!-- @BeforeMethod beforeMethod -->
  <testcase name="@AfterMethod tearDown" time="0.0" classname="TestCases.CreditCard.VerifyCancellationInfoCC">
    <skipped/>
  </testcase> <!-- @AfterMethod tearDown -->
  <testcase name="@BeforeClass Precondition" time="0.0" classname="TestCases.CreditCard.VerifyAmountAndDateFieldsCC">
    <skipped/>
  </testcase> <!-- @BeforeClass Precondition -->
  <testcase name="@BeforeMethod beforeMethod" time="0.0" classname="TestCases.CreditCard.VerifyAmountAndDateFieldsCC">
    <skipped/>
  </testcase> <!-- @BeforeMethod beforeMethod -->
  <testcase name="@AfterMethod tearDown" time="0.0" classname="TestCases.CreditCard.VerifyAmountAndDateFieldsCC">
    <skipped/>
  </testcase> <!-- @AfterMethod tearDown -->
  <testcase name="@BeforeClass Precondition" time="0.0" classname="TestCases.CreditCard.EditFutureExpirationDateCC">
    <skipped/>
  </testcase> <!-- @BeforeClass Precondition -->
  <testcase name="@BeforeMethod beforeMethod" time="0.0" classname="TestCases.CreditCard.EditFutureExpirationDateCC">
    <skipped/>
  </testcase> <!-- @BeforeMethod beforeMethod -->
  <testcase name="@AfterMethod tearDown" time="0.0" classname="TestCases.CreditCard.EditFutureExpirationDateCC">
    <skipped/>
  </testcase> <!-- @AfterMethod tearDown -->
  <testcase name="PopupCancel" time="0.0" classname="TestCases.CreditCard.NoKeepLinkCC">
    <skipped/>
  </testcase> <!-- PopupCancel -->
  <testcase name="testCheckTermsAndCondnDtlsForCreditCard" time="0.016" classname="TestCases.CreditCard.CheckTermsAndCondnDtlsForCreditCard">
    <skipped/>
  </testcase> <!-- testCheckTermsAndCondnDtlsForCreditCard -->
  <testcase name="test1" time="0.0" classname="TestCases.CreditCard.EditZipCodeCC">
    <skipped/>
  </testcase> <!-- test1 -->
  <testcase name="testVerifyPaymentWithoutSaveCheckCC" time="0.015" classname="TestCases.CreditCard.VerifyPaymentWithoutSaveCheckCC">
    <skipped/>
  </testcase> <!-- testVerifyPaymentWithoutSaveCheckCC -->
  <testcase name="testHandlingAccountPendingPopUp" time="0.0" classname="TestCases.HandlingAccountPendingPopUp">
    <skipped/>
  </testcase> <!-- testHandlingAccountPendingPopUp -->
  <testcase name="PopupCancel" time="0.0" classname="TestCases.CreditCard.ModalPopUpCancelCC">
    <skipped/>
  </testcase> <!-- PopupCancel -->
  <testcase name="testCCAutomationE2E" time="0.0" classname="TestCases.CCAutomationE2E">
    <skipped/>
  </testcase> <!-- testCCAutomationE2E -->
  <testcase name="pastDate" time="0.0" classname="TestCases.CreditCard.EditPastDateCC">
    <skipped/>
  </testcase> <!-- pastDate -->
  <testcase name="test1" time="0.0" classname="TestCases.CreditCard.VerifyPaymentWithSaveCheckCC">
    <skipped/>
  </testcase> <!-- test1 -->
  <testcase name="testVerifyCancellationInfoCC" time="0.0" classname="TestCases.CreditCard.VerifyCancellationInfoCC">
    <skipped/>
  </testcase> <!-- testVerifyCancellationInfoCC -->
  <testcase name="testVerifyAmountAndDateFieldsCC" time="0.0" classname="TestCases.CreditCard.VerifyAmountAndDateFieldsCC">
    <skipped/>
  </testcase> <!-- testVerifyAmountAndDateFieldsCC -->
  <testcase name="testEditFutureExpirationDateCC" time="0.0" classname="TestCases.CreditCard.EditFutureExpirationDateCC">
    <skipped/>
  </testcase> <!-- testEditFutureExpirationDateCC -->
</testsuite> <!-- GC Test -->
