<html>
<head>
<title>TestNG:  GC Test</title>
<link href="../testng.css" rel="stylesheet" type="text/css" />
<link href="../my-testng.css" rel="stylesheet" type="text/css" />

<style type="text/css">
.log { display: none;} 
.stack-trace { display: none;} 
</style>
<script type="text/javascript">
<!--
function flip(e) {
  current = e.style.display;
  if (current == 'block') {
    e.style.display = 'none';
    return 0;
  }
  else {
    e.style.display = 'block';
    return 1;
  }
}

function toggleBox(szDivId, elem, msg1, msg2)
{
  var res = -1;  if (document.getElementById) {
    res = flip(document.getElementById(szDivId));
  }
  else if (document.all) {
    // this is the way old msie versions work
    res = flip(document.all[szDivId]);
  }
  if(elem) {
    if(res == 0) elem.innerHTML = msg1; else elem.innerHTML = msg2;
  }

}

function toggleAllBoxes() {
  if (document.getElementsByTagName) {
    d = document.getElementsByTagName('div');
    for (i = 0; i < d.length; i++) {
      if (d[i].className == 'log') {
        flip(d[i]);
      }
    }
  }
}

// -->
</script>

</head>
<body>
<h2 align='center'>GC Test</h2><table border='1' align="center">
<tr>
<td>Tests passed/Failed/Skipped:</td><td>0/0/12</td>
</tr><tr>
<td>Started on:</td><td>Fri Jun 03 16:18:33 IST 2016</td>
</tr>
<tr><td>Total time:</td><td>10 seconds (10042 ms)</td>
</tr><tr>
<td>Included groups:</td><td></td>
</tr><tr>
<td>Excluded groups:</td><td></td>
</tr>
</table><p/>
<small><i>(Hover the method name to see the test class name)</i></small><p/>
<table width='100%' border='1' class='invocation-failed'>
<tr><td colspan='4' align='center'><b>FAILED CONFIGURATIONS</b></td></tr>
<tr><td><b>Test method</b></td>
<td width="30%"><b>Exception</b></td>
<td width="10%"><b>Time (seconds)</b></td>
<td><b>Instance</b></td>
</tr>
<tr>
<td title='TestCases.CreditCard.NoKeepLinkCC.Precondition()'><b>Precondition</b><br>Test class: TestCases.CreditCard.NoKeepLinkCC<br>Parameters: [Test: "GC Test" verbose:1[parameters:browser=>FF][metagroups:] [included: ][excluded: ]  classes:[XmlClass class=TestCases.CreditCard.NoKeepLinkCC] [XmlClass class=TestCases.CreditCard.CheckTermsAndCondnDtlsForCreditCard] [XmlClass class=TestCases.CreditCard.EditZipCodeCC] [XmlClass class=TestCases.CreditCard.VerifyPaymentWithoutSaveCheckCC] [XmlClass class=TestCases.HandlingAccountPendingPopUp] [XmlClass class=TestCases.CreditCard.ModalPopUpCancelCC] [XmlClass class=TestCases.CCAutomationE2E] [XmlClass class=TestCases.CreditCard.EditPastDateCC] [XmlClass class=TestCases.CreditCard.VerifyPaymentWithSaveCheckCC] [XmlClass class=TestCases.CreditCard.VerifyCancellationInfoCC] [XmlClass class=TestCases.CreditCard.VerifyAmountAndDateFieldsCC] [XmlClass class=TestCases.CreditCard.EditFutureExpirationDateCC]  packages:] </td>
<td><div><pre>org.openqa.selenium.WebDriverException: f.QueryInterface is not a function
Command duration or timeout: 16 milliseconds
Build info: version: &apos;2.47.1&apos;, revision: &apos;411b314&apos;, time: &apos;2015-07-30 03:03:16&apos;
System info: host: &apos;XIN009ODAB56363&apos;, ip: &apos;10.140.0.192&apos;, os.name: &apos;Windows 7&apos;, os.arch: &apos;amd64&apos;, os.version: &apos;6.1&apos;, java.version: &apos;1.7.0_60&apos;
Session ID: 737922c6-00e8-4024-8c03-510243049bc4
Driver info: org.openqa.selenium.firefox.FirefoxDriver
Capabilities [{platform=WINDOWS, acceptSslCerts=true, javascriptEnabled=true, cssSelectorsEnabled=true, databaseEnabled=true, browserName=firefox, handlesAlerts=true, nativeEvents=false, webStorageEnabled=true, rotatable=false, locationContextEnabled=true, applicationCacheEnabled=true, takesScreenshot=true, version=38.4.0}]
	at org.openqa.selenium.remote.ErrorHandler.createThrowable(ErrorHandler.java:206)
	at org.openqa.selenium.remote.ErrorHandler.throwIfResponseFailed(ErrorHandler.java:158)
	at org.openqa.selenium.remote.RemoteWebDriver.execute(RemoteWebDriver.java:595)
	at org.openqa.selenium.remote.RemoteWebDriver.get(RemoteWebDriver.java:306)
	at TestCases.ExtendingCC.Precondition(ExtendingCC.java:48)
	at java.util.concurrent.FutureTask.run(Unknown Source)
	at java.util.concurrent.ThreadPoolExecutor.runWorker(Unknown Source)
	at java.util.concurrent.ThreadPoolExecutor$Worker.run(Unknown Source)
	at java.lang.Thread.run(Unknown Source)
Caused by: org.openqa.selenium.WebDriverException: f.QueryInterface is not a function
Build info: version: &apos;2.47.1&apos;, revision: &apos;411b314&apos;, time: &apos;2015-07-30 03:03:16&apos;
System info: host: &apos;XIN009ODAB56363&apos;, ip: &apos;10.140.0.192&apos;, os.name: &apos;Windows 7&apos;, os.arch: &apos;amd64&apos;, os.version: &apos;6.1&apos;, java.version: &apos;1.7.0_60&apos;
Driver info: driver.version: unknown
	at &lt;anonymous class&gt;.FirefoxDriver.prototype.get(file:///C:/Windows/Temp/anonymous6690583910492473339webdriver-profile/extensions/fxdriver@googlecode.com/components/driver-component.js:10528)
	at &lt;anonymous class&gt;.DelayedCommand.prototype.executeInternal_/h(file:///C:/Windows/Temp/anonymous6690583910492473339webdriver-profile/extensions/fxdriver@googlecode.com/components/command-processor.js:12643)
	at &lt;anonymous class&gt;.DelayedCommand.prototype.executeInternal_(file:///C:/Windows/Temp/anonymous6690583910492473339webdriver-profile/extensions/fxdriver@googlecode.com/components/command-processor.js:12648)
	at &lt;anonymous class&gt;.DelayedCommand.prototype.execute/&lt;(file:///C:/Windows/Temp/anonymous6690583910492473339webdriver-profile/extensions/fxdriver@googlecode.com/components/command-processor.js:12590)
... Removed 20 stack frames</pre></div><a href='#' onClick='toggleBox("stack-trace624031559", this, "Click to show all stack frames", "Click to hide stack frames")'>Click to show all stack frames</a>
<div class='stack-trace' id='stack-trace624031559'><pre>org.openqa.selenium.WebDriverException: f.QueryInterface is not a function
Command duration or timeout: 16 milliseconds
Build info: version: &apos;2.47.1&apos;, revision: &apos;411b314&apos;, time: &apos;2015-07-30 03:03:16&apos;
System info: host: &apos;XIN009ODAB56363&apos;, ip: &apos;10.140.0.192&apos;, os.name: &apos;Windows 7&apos;, os.arch: &apos;amd64&apos;, os.version: &apos;6.1&apos;, java.version: &apos;1.7.0_60&apos;
Session ID: 737922c6-00e8-4024-8c03-510243049bc4
Driver info: org.openqa.selenium.firefox.FirefoxDriver
Capabilities [{platform=WINDOWS, acceptSslCerts=true, javascriptEnabled=true, cssSelectorsEnabled=true, databaseEnabled=true, browserName=firefox, handlesAlerts=true, nativeEvents=false, webStorageEnabled=true, rotatable=false, locationContextEnabled=true, applicationCacheEnabled=true, takesScreenshot=true, version=38.4.0}]
	at sun.reflect.NativeConstructorAccessorImpl.newInstance0(Native Method)
	at sun.reflect.NativeConstructorAccessorImpl.newInstance(Unknown Source)
	at sun.reflect.DelegatingConstructorAccessorImpl.newInstance(Unknown Source)
	at java.lang.reflect.Constructor.newInstance(Unknown Source)
	at org.openqa.selenium.remote.ErrorHandler.createThrowable(ErrorHandler.java:206)
	at org.openqa.selenium.remote.ErrorHandler.throwIfResponseFailed(ErrorHandler.java:158)
	at org.openqa.selenium.remote.RemoteWebDriver.execute(RemoteWebDriver.java:595)
	at org.openqa.selenium.remote.RemoteWebDriver.get(RemoteWebDriver.java:306)
	at TestCases.ExtendingCC.Precondition(ExtendingCC.java:48)
	at sun.reflect.NativeMethodAccessorImpl.invoke0(Native Method)
	at sun.reflect.NativeMethodAccessorImpl.invoke(Unknown Source)
	at sun.reflect.DelegatingMethodAccessorImpl.invoke(Unknown Source)
	at java.lang.reflect.Method.invoke(Unknown Source)
	at org.testng.internal.MethodInvocationHelper.invokeMethod(MethodInvocationHelper.java:86)
	at org.testng.internal.Invoker.invokeConfigurationMethod(Invoker.java:515)
	at org.testng.internal.Invoker.invokeConfigurations(Invoker.java:216)
	at org.testng.internal.Invoker.invokeConfigurations(Invoker.java:143)
	at org.testng.internal.TestMethodWorker.invokeBeforeClassMethods(TestMethodWorker.java:178)
	at org.testng.internal.TestMethodWorker.run(TestMethodWorker.java:108)
	at org.testng.TestRunner.privateRun(TestRunner.java:778)
	at org.testng.TestRunner.run(TestRunner.java:632)
	at org.testng.SuiteRunner.runTest(SuiteRunner.java:366)
	at org.testng.SuiteRunner.access$000(SuiteRunner.java:39)
	at org.testng.SuiteRunner$SuiteWorker.run(SuiteRunner.java:400)
	at org.testng.internal.thread.ThreadUtil$2.call(ThreadUtil.java:64)
	at java.util.concurrent.FutureTask.run(Unknown Source)
	at java.util.concurrent.ThreadPoolExecutor.runWorker(Unknown Source)
	at java.util.concurrent.ThreadPoolExecutor$Worker.run(Unknown Source)
	at java.lang.Thread.run(Unknown Source)
Caused by: org.openqa.selenium.WebDriverException: f.QueryInterface is not a function
Build info: version: &apos;2.47.1&apos;, revision: &apos;411b314&apos;, time: &apos;2015-07-30 03:03:16&apos;
System info: host: &apos;XIN009ODAB56363&apos;, ip: &apos;10.140.0.192&apos;, os.name: &apos;Windows 7&apos;, os.arch: &apos;amd64&apos;, os.version: &apos;6.1&apos;, java.version: &apos;1.7.0_60&apos;
Driver info: driver.version: unknown
	at &lt;anonymous class&gt;.FirefoxDriver.prototype.get(file:///C:/Windows/Temp/anonymous6690583910492473339webdriver-profile/extensions/fxdriver@googlecode.com/components/driver-component.js:10528)
	at &lt;anonymous class&gt;.DelayedCommand.prototype.executeInternal_/h(file:///C:/Windows/Temp/anonymous6690583910492473339webdriver-profile/extensions/fxdriver@googlecode.com/components/command-processor.js:12643)
	at &lt;anonymous class&gt;.DelayedCommand.prototype.executeInternal_(file:///C:/Windows/Temp/anonymous6690583910492473339webdriver-profile/extensions/fxdriver@googlecode.com/components/command-processor.js:12648)
	at &lt;anonymous class&gt;.DelayedCommand.prototype.execute/&lt;(file:///C:/Windows/Temp/anonymous6690583910492473339webdriver-profile/extensions/fxdriver@googlecode.com/components/command-processor.js:12590)
</pre></div></td>
<td>0</td>
<td>TestCases.CreditCard.NoKeepLinkCC@7d02f5c2</td></tr>
</table><p>
<table width='100%' border='1' class='invocation-skipped'>
<tr><td colspan='4' align='center'><b>SKIPPED CONFIGURATIONS</b></td></tr>
<tr><td><b>Test method</b></td>
<td width="30%"><b>Exception</b></td>
<td width="10%"><b>Time (seconds)</b></td>
<td><b>Instance</b></td>
</tr>
<tr>
<td title='TestCases.CreditCard.CheckTermsAndCondnDtlsForCreditCard.Precondition()'><b>Precondition</b><br>Test class: TestCases.CreditCard.CheckTermsAndCondnDtlsForCreditCard</td>
<td></td>
<td>0</td>
<td>TestCases.CreditCard.CheckTermsAndCondnDtlsForCreditCard@4d54d3ac</td></tr>
<tr>
<td title='TestCases.CreditCard.EditZipCodeCC.Precondition()'><b>Precondition</b><br>Test class: TestCases.CreditCard.EditZipCodeCC</td>
<td></td>
<td>0</td>
<td>TestCases.CreditCard.EditZipCodeCC@7c14e8dd</td></tr>
<tr>
<td title='TestCases.CreditCard.VerifyPaymentWithoutSaveCheckCC.Precondition()'><b>Precondition</b><br>Test class: TestCases.CreditCard.VerifyPaymentWithoutSaveCheckCC</td>
<td></td>
<td>0</td>
<td>TestCases.CreditCard.VerifyPaymentWithoutSaveCheckCC@40c444cf</td></tr>
<tr>
<td title='TestCases.HandlingAccountPendingPopUp.Precondition()'><b>Precondition</b><br>Test class: TestCases.HandlingAccountPendingPopUp</td>
<td></td>
<td>0</td>
<td>TestCases.HandlingAccountPendingPopUp@15819341</td></tr>
<tr>
<td title='TestCases.CreditCard.ModalPopUpCancelCC.Precondition()'><b>Precondition</b><br>Test class: TestCases.CreditCard.ModalPopUpCancelCC</td>
<td></td>
<td>0</td>
<td>TestCases.CreditCard.ModalPopUpCancelCC@6dea9b6e</td></tr>
<tr>
<td title='TestCases.CCAutomationE2E.Precondition()'><b>Precondition</b><br>Test class: TestCases.CCAutomationE2E</td>
<td></td>
<td>0</td>
<td>TestCases.CCAutomationE2E@45828b22</td></tr>
<tr>
<td title='TestCases.CreditCard.EditPastDateCC.Precondition()'><b>Precondition</b><br>Test class: TestCases.CreditCard.EditPastDateCC</td>
<td></td>
<td>0</td>
<td>TestCases.CreditCard.EditPastDateCC@7d7c88d4</td></tr>
<tr>
<td title='TestCases.CreditCard.VerifyPaymentWithSaveCheckCC.Precondition()'><b>Precondition</b><br>Test class: TestCases.CreditCard.VerifyPaymentWithSaveCheckCC</td>
<td></td>
<td>0</td>
<td>TestCases.CreditCard.VerifyPaymentWithSaveCheckCC@7afb56a8</td></tr>
<tr>
<td title='TestCases.CreditCard.VerifyCancellationInfoCC.Precondition()'><b>Precondition</b><br>Test class: TestCases.CreditCard.VerifyCancellationInfoCC</td>
<td></td>
<td>0</td>
<td>TestCases.CreditCard.VerifyCancellationInfoCC@af66eac</td></tr>
<tr>
<td title='TestCases.CreditCard.VerifyAmountAndDateFieldsCC.Precondition()'><b>Precondition</b><br>Test class: TestCases.CreditCard.VerifyAmountAndDateFieldsCC</td>
<td></td>
<td>0</td>
<td>TestCases.CreditCard.VerifyAmountAndDateFieldsCC@38dbe3d3</td></tr>
<tr>
<td title='TestCases.CreditCard.EditFutureExpirationDateCC.Precondition()'><b>Precondition</b><br>Test class: TestCases.CreditCard.EditFutureExpirationDateCC</td>
<td></td>
<td>0</td>
<td>TestCases.CreditCard.EditFutureExpirationDateCC@6c4a4ece</td></tr>
<tr>
<td title='TestCases.CreditCard.NoKeepLinkCC.beforeMethod()'><b>beforeMethod</b><br>Test class: TestCases.CreditCard.NoKeepLinkCC</td>
<td></td>
<td>0</td>
<td>TestCases.CreditCard.NoKeepLinkCC@7d02f5c2</td></tr>
<tr>
<td title='TestCases.CreditCard.CheckTermsAndCondnDtlsForCreditCard.beforeMethod()'><b>beforeMethod</b><br>Test class: TestCases.CreditCard.CheckTermsAndCondnDtlsForCreditCard</td>
<td></td>
<td>0</td>
<td>TestCases.CreditCard.CheckTermsAndCondnDtlsForCreditCard@4d54d3ac</td></tr>
<tr>
<td title='TestCases.CreditCard.EditZipCodeCC.beforeMethod()'><b>beforeMethod</b><br>Test class: TestCases.CreditCard.EditZipCodeCC</td>
<td></td>
<td>0</td>
<td>TestCases.CreditCard.EditZipCodeCC@7c14e8dd</td></tr>
<tr>
<td title='TestCases.CreditCard.VerifyPaymentWithoutSaveCheckCC.beforeMethod()'><b>beforeMethod</b><br>Test class: TestCases.CreditCard.VerifyPaymentWithoutSaveCheckCC</td>
<td></td>
<td>0</td>
<td>TestCases.CreditCard.VerifyPaymentWithoutSaveCheckCC@40c444cf</td></tr>
<tr>
<td title='TestCases.HandlingAccountPendingPopUp.beforeMethod()'><b>beforeMethod</b><br>Test class: TestCases.HandlingAccountPendingPopUp</td>
<td></td>
<td>0</td>
<td>TestCases.HandlingAccountPendingPopUp@15819341</td></tr>
<tr>
<td title='TestCases.CreditCard.ModalPopUpCancelCC.beforeMethod()'><b>beforeMethod</b><br>Test class: TestCases.CreditCard.ModalPopUpCancelCC</td>
<td></td>
<td>0</td>
<td>TestCases.CreditCard.ModalPopUpCancelCC@6dea9b6e</td></tr>
<tr>
<td title='TestCases.CCAutomationE2E.beforeMethod()'><b>beforeMethod</b><br>Test class: TestCases.CCAutomationE2E</td>
<td></td>
<td>0</td>
<td>TestCases.CCAutomationE2E@45828b22</td></tr>
<tr>
<td title='TestCases.CreditCard.EditPastDateCC.beforeMethod()'><b>beforeMethod</b><br>Test class: TestCases.CreditCard.EditPastDateCC</td>
<td></td>
<td>0</td>
<td>TestCases.CreditCard.EditPastDateCC@7d7c88d4</td></tr>
<tr>
<td title='TestCases.CreditCard.VerifyPaymentWithSaveCheckCC.beforeMethod()'><b>beforeMethod</b><br>Test class: TestCases.CreditCard.VerifyPaymentWithSaveCheckCC</td>
<td></td>
<td>0</td>
<td>TestCases.CreditCard.VerifyPaymentWithSaveCheckCC@7afb56a8</td></tr>
<tr>
<td title='TestCases.CreditCard.VerifyCancellationInfoCC.beforeMethod()'><b>beforeMethod</b><br>Test class: TestCases.CreditCard.VerifyCancellationInfoCC</td>
<td></td>
<td>0</td>
<td>TestCases.CreditCard.VerifyCancellationInfoCC@af66eac</td></tr>
<tr>
<td title='TestCases.CreditCard.VerifyAmountAndDateFieldsCC.beforeMethod()'><b>beforeMethod</b><br>Test class: TestCases.CreditCard.VerifyAmountAndDateFieldsCC</td>
<td></td>
<td>0</td>
<td>TestCases.CreditCard.VerifyAmountAndDateFieldsCC@38dbe3d3</td></tr>
<tr>
<td title='TestCases.CreditCard.EditFutureExpirationDateCC.beforeMethod()'><b>beforeMethod</b><br>Test class: TestCases.CreditCard.EditFutureExpirationDateCC</td>
<td></td>
<td>0</td>
<td>TestCases.CreditCard.EditFutureExpirationDateCC@6c4a4ece</td></tr>
<tr>
<td title='TestCases.CreditCard.NoKeepLinkCC.tearDown()'><b>tearDown</b><br>Test class: TestCases.CreditCard.NoKeepLinkCC</td>
<td></td>
<td>0</td>
<td>TestCases.CreditCard.NoKeepLinkCC@7d02f5c2</td></tr>
<tr>
<td title='TestCases.CreditCard.CheckTermsAndCondnDtlsForCreditCard.tearDown()'><b>tearDown</b><br>Test class: TestCases.CreditCard.CheckTermsAndCondnDtlsForCreditCard</td>
<td></td>
<td>0</td>
<td>TestCases.CreditCard.CheckTermsAndCondnDtlsForCreditCard@4d54d3ac</td></tr>
<tr>
<td title='TestCases.CreditCard.EditZipCodeCC.tearDown()'><b>tearDown</b><br>Test class: TestCases.CreditCard.EditZipCodeCC</td>
<td></td>
<td>0</td>
<td>TestCases.CreditCard.EditZipCodeCC@7c14e8dd</td></tr>
<tr>
<td title='TestCases.CreditCard.VerifyPaymentWithoutSaveCheckCC.tearDown()'><b>tearDown</b><br>Test class: TestCases.CreditCard.VerifyPaymentWithoutSaveCheckCC</td>
<td></td>
<td>0</td>
<td>TestCases.CreditCard.VerifyPaymentWithoutSaveCheckCC@40c444cf</td></tr>
<tr>
<td title='TestCases.HandlingAccountPendingPopUp.tearDown()'><b>tearDown</b><br>Test class: TestCases.HandlingAccountPendingPopUp</td>
<td></td>
<td>0</td>
<td>TestCases.HandlingAccountPendingPopUp@15819341</td></tr>
<tr>
<td title='TestCases.CreditCard.ModalPopUpCancelCC.tearDown()'><b>tearDown</b><br>Test class: TestCases.CreditCard.ModalPopUpCancelCC</td>
<td></td>
<td>0</td>
<td>TestCases.CreditCard.ModalPopUpCancelCC@6dea9b6e</td></tr>
<tr>
<td title='TestCases.CCAutomationE2E.tearDown()'><b>tearDown</b><br>Test class: TestCases.CCAutomationE2E</td>
<td></td>
<td>0</td>
<td>TestCases.CCAutomationE2E@45828b22</td></tr>
<tr>
<td title='TestCases.CreditCard.EditPastDateCC.tearDown()'><b>tearDown</b><br>Test class: TestCases.CreditCard.EditPastDateCC</td>
<td></td>
<td>0</td>
<td>TestCases.CreditCard.EditPastDateCC@7d7c88d4</td></tr>
<tr>
<td title='TestCases.CreditCard.VerifyPaymentWithSaveCheckCC.tearDown()'><b>tearDown</b><br>Test class: TestCases.CreditCard.VerifyPaymentWithSaveCheckCC</td>
<td></td>
<td>0</td>
<td>TestCases.CreditCard.VerifyPaymentWithSaveCheckCC@7afb56a8</td></tr>
<tr>
<td title='TestCases.CreditCard.VerifyCancellationInfoCC.tearDown()'><b>tearDown</b><br>Test class: TestCases.CreditCard.VerifyCancellationInfoCC</td>
<td></td>
<td>0</td>
<td>TestCases.CreditCard.VerifyCancellationInfoCC@af66eac</td></tr>
<tr>
<td title='TestCases.CreditCard.VerifyAmountAndDateFieldsCC.tearDown()'><b>tearDown</b><br>Test class: TestCases.CreditCard.VerifyAmountAndDateFieldsCC</td>
<td></td>
<td>0</td>
<td>TestCases.CreditCard.VerifyAmountAndDateFieldsCC@38dbe3d3</td></tr>
<tr>
<td title='TestCases.CreditCard.EditFutureExpirationDateCC.tearDown()'><b>tearDown</b><br>Test class: TestCases.CreditCard.EditFutureExpirationDateCC</td>
<td></td>
<td>0</td>
<td>TestCases.CreditCard.EditFutureExpirationDateCC@6c4a4ece</td></tr>
</table><p>
<table width='100%' border='1' class='invocation-skipped'>
<tr><td colspan='4' align='center'><b>SKIPPED TESTS</b></td></tr>
<tr><td><b>Test method</b></td>
<td width="30%"><b>Exception</b></td>
<td width="10%"><b>Time (seconds)</b></td>
<td><b>Instance</b></td>
</tr>
<tr>
<td title='TestCases.CreditCard.NoKeepLinkCC.PopupCancel()'><b>PopupCancel</b><br>Test class: TestCases.CreditCard.NoKeepLinkCC</td>
<td></td>
<td>0</td>
<td>TestCases.CreditCard.NoKeepLinkCC@7d02f5c2</td></tr>
<tr>
<td title='TestCases.CreditCard.ModalPopUpCancelCC.PopupCancel()'><b>PopupCancel</b><br>Test class: TestCases.CreditCard.ModalPopUpCancelCC</td>
<td></td>
<td>0</td>
<td>TestCases.CreditCard.ModalPopUpCancelCC@6dea9b6e</td></tr>
<tr>
<td title='TestCases.CreditCard.EditPastDateCC.pastDate()'><b>pastDate</b><br>Test class: TestCases.CreditCard.EditPastDateCC</td>
<td></td>
<td>0</td>
<td>TestCases.CreditCard.EditPastDateCC@7d7c88d4</td></tr>
<tr>
<td title='TestCases.CreditCard.EditZipCodeCC.test1()'><b>test1</b><br>Test class: TestCases.CreditCard.EditZipCodeCC</td>
<td></td>
<td>0</td>
<td>TestCases.CreditCard.EditZipCodeCC@7c14e8dd</td></tr>
<tr>
<td title='TestCases.CreditCard.VerifyPaymentWithSaveCheckCC.test1()'><b>test1</b><br>Test class: TestCases.CreditCard.VerifyPaymentWithSaveCheckCC</td>
<td></td>
<td>0</td>
<td>TestCases.CreditCard.VerifyPaymentWithSaveCheckCC@7afb56a8</td></tr>
<tr>
<td title='TestCases.CCAutomationE2E.testCCAutomationE2E()'><b>testCCAutomationE2E</b><br>Test class: TestCases.CCAutomationE2E</td>
<td></td>
<td>0</td>
<td>TestCases.CCAutomationE2E@45828b22</td></tr>
<tr>
<td title='TestCases.CreditCard.CheckTermsAndCondnDtlsForCreditCard.testCheckTermsAndCondnDtlsForCreditCard()'><b>testCheckTermsAndCondnDtlsForCreditCard</b><br>Test class: TestCases.CreditCard.CheckTermsAndCondnDtlsForCreditCard</td>
<td></td>
<td>0</td>
<td>TestCases.CreditCard.CheckTermsAndCondnDtlsForCreditCard@4d54d3ac</td></tr>
<tr>
<td title='TestCases.CreditCard.EditFutureExpirationDateCC.testEditFutureExpirationDateCC()'><b>testEditFutureExpirationDateCC</b><br>Test class: TestCases.CreditCard.EditFutureExpirationDateCC</td>
<td></td>
<td>0</td>
<td>TestCases.CreditCard.EditFutureExpirationDateCC@6c4a4ece</td></tr>
<tr>
<td title='TestCases.HandlingAccountPendingPopUp.testHandlingAccountPendingPopUp()'><b>testHandlingAccountPendingPopUp</b><br>Test class: TestCases.HandlingAccountPendingPopUp</td>
<td></td>
<td>0</td>
<td>TestCases.HandlingAccountPendingPopUp@15819341</td></tr>
<tr>
<td title='TestCases.CreditCard.VerifyAmountAndDateFieldsCC.testVerifyAmountAndDateFieldsCC()'><b>testVerifyAmountAndDateFieldsCC</b><br>Test class: TestCases.CreditCard.VerifyAmountAndDateFieldsCC</td>
<td></td>
<td>0</td>
<td>TestCases.CreditCard.VerifyAmountAndDateFieldsCC@38dbe3d3</td></tr>
<tr>
<td title='TestCases.CreditCard.VerifyCancellationInfoCC.testVerifyCancellationInfoCC()'><b>testVerifyCancellationInfoCC</b><br>Test class: TestCases.CreditCard.VerifyCancellationInfoCC</td>
<td></td>
<td>0</td>
<td>TestCases.CreditCard.VerifyCancellationInfoCC@af66eac</td></tr>
<tr>
<td title='TestCases.CreditCard.VerifyPaymentWithoutSaveCheckCC.testVerifyPaymentWithoutSaveCheckCC()'><b>testVerifyPaymentWithoutSaveCheckCC</b><br>Test class: TestCases.CreditCard.VerifyPaymentWithoutSaveCheckCC</td>
<td></td>
<td>0</td>
<td>TestCases.CreditCard.VerifyPaymentWithoutSaveCheckCC@40c444cf</td></tr>
</table><p>
</body>
</html>