<!DOCTYPE html PUBLIC "-//W3C//DTD XHTML 1.1//EN" "http://www.w3.org/TR/xhtml11/DTD/xhtml11.dtd">
<html xmlns="http://www.w3.org/1999/xhtml"><head><title>TestNG Report</title><style type="text/css">table {margin-bottom:10px;border-collapse:collapse;empty-cells:show}th,td {border:1px solid #009;padding:.25em .5em}th {vertical-align:bottom}td {vertical-align:top}table a {font-weight:bold}.stripe td {background-color: #E6EBF9}.num {text-align:right}.passedodd td {background-color: #3F3}.passedeven td {background-color: #0A0}.skippedodd td {background-color: #DDD}.skippedeven td {background-color: #CCC}.failedodd td,.attn {background-color: #F33}.failedeven td,.stripe .attn {background-color: #D00}.stacktrace {white-space:pre;font-family:monospace}.totop {font-size:85%;text-align:center;border-bottom:2px solid #000}</style></head><body><table><tr><th>Test</th><th># Passed</th><th># Skipped</th><th># Failed</th><th>Time (ms)</th><th>Included Groups</th><th>Excluded Groups</th></tr><tr><th colspan="7">BASuite</th></tr><tr><td><a href="#t0">BATest</a></td><td class="num">4</td><td class="num">0</td><td class="num attn">1</td><td class="num">1,065,766</td><td></td><td></td></tr></table><table><thead><tr><th>Class</th><th>Method</th><th>Start</th><th>Time (ms)</th></tr></thead><tbody><tr><th colspan="4">BASuite</th></tr></tbody><tbody id="t0"><tr><th colspan="4">BATest &#8212; failed</th></tr><tr class="failedeven"><td rowspan="1">TestCases.ACH.VerifyACHConvenienceFeeInAllPages</td><td><a href="#m0">testVerifyACHConvenienceFeeInAllPages</a></td><td rowspan="1">1467819235645</td><td rowspan="1">167585</td></tr><tr><th colspan="4">BATest &#8212; passed</th></tr><tr class="passedeven"><td rowspan="1">TestCases.ACH.CheckTermsAndCondnDtlsInACHPymt</td><td><a href="#m1">testCheckTermsAndCondnDtlsInACHPymt</a></td><td rowspan="1">1467818573400</td><td rowspan="1">192249</td></tr><tr class="passedodd"><td rowspan="1">TestCases.ACH.DeleteExistingInstrumentACH</td><td><a href="#m2">ccTestCase7Execution</a></td><td rowspan="1">1467818386678</td><td rowspan="1">141453</td></tr><tr class="passedeven"><td rowspan="1">TestCases.ACH.VerifyAmountAndDateFieldsACH</td><td><a href="#m3">ccTestCase7Execution</a></td><td rowspan="1">1467819042038</td><td rowspan="1">146526</td></tr><tr class="passedodd"><td rowspan="1">TestCases.ACH.VerifyCancellationInfoACH</td><td><a href="#m4">testVerifyCancellationInfoACH</a></td><td rowspan="1">1467818829226</td><td rowspan="1">155957</td></tr></tbody></table><h2>BATest</h2><h3 id="m0">TestCases.ACH.VerifyACHConvenienceFeeInAllPages#testVerifyACHConvenienceFeeInAllPages</h3><table class="result"><tr><th>Exception</th></tr><tr><td><div class="stacktrace">org.openqa.selenium.NoSuchElementException: Unable to locate element: {&quot;method&quot;:&quot;xpath&quot;,&quot;selector&quot;:&quot;//td[text()=&apos;Convenience Fee*:&apos;]/following-sibling::td[2]/span[2]&quot;}
Command duration or timeout: 34.94 seconds
For documentation on this error, please visit: http://seleniumhq.org/exceptions/no_such_element.html
Build info: version: &apos;2.53.0&apos;, revision: &apos;35ae25b&apos;, time: &apos;2016-03-15 16:57:40&apos;
System info: host: &apos;XIN009OLAB14917&apos;, ip: &apos;192.168.0.3&apos;, os.name: &apos;Windows 7&apos;, os.arch: &apos;amd64&apos;, os.version: &apos;6.1&apos;, java.version: &apos;1.7.0_60-ea&apos;
*** Element info: {Using=xpath, value=//td[text()=&apos;Convenience Fee*:&apos;]/following-sibling::td[2]/span[2]}
Session ID: b52c5807-6a36-49cb-8aac-96ec49506bc2
Driver info: org.openqa.selenium.firefox.FirefoxDriver
Capabilities [{platform=WINDOWS, acceptSslCerts=true, javascriptEnabled=true, cssSelectorsEnabled=true, databaseEnabled=true, browserName=firefox, handlesAlerts=true, nativeEvents=false, webStorageEnabled=true, rotatable=false, locationContextEnabled=true, applicationCacheEnabled=true, takesScreenshot=true, version=38.4.0}]
	at org.openqa.selenium.remote.ErrorHandler.createThrowable(ErrorHandler.java:206)
	at org.openqa.selenium.remote.ErrorHandler.throwIfResponseFailed(ErrorHandler.java:158)
	at org.openqa.selenium.remote.RemoteWebDriver.execute(RemoteWebDriver.java:678)
	at org.openqa.selenium.remote.RemoteWebDriver.findElement(RemoteWebDriver.java:363)
	at org.openqa.selenium.remote.RemoteWebDriver.findElementByXPath(RemoteWebDriver.java:500)
	at org.openqa.selenium.By$ByXPath.findElement(By.java:361)
	at org.openqa.selenium.remote.RemoteWebDriver.findElement(RemoteWebDriver.java:355)
	at org.openqa.selenium.support.pagefactory.DefaultElementLocator.findElement(DefaultElementLocator.java:69)
	at org.openqa.selenium.support.pagefactory.internal.LocatingElementHandler.invoke(LocatingElementHandler.java:38)
	at com.sun.proxy.$Proxy9.getText(Unknown Source)
	at BusinessSpecific.Methods.verifyACHConvncFeeInVerifyInfoPage(Methods.java:1029)
	at TestCases.ACH.VerifyACHConvenienceFeeInAllPages.testVerifyACHConvenienceFeeInAllPages(VerifyACHConvenienceFeeInAllPages.java:71)
	at java.util.concurrent.ThreadPoolExecutor.runWorker(ThreadPoolExecutor.java:1145)
	at java.util.concurrent.ThreadPoolExecutor$Worker.run(ThreadPoolExecutor.java:615)
	at java.lang.Thread.run(Thread.java:744)
Caused by: org.openqa.selenium.NoSuchElementException: Unable to locate element: {&quot;method&quot;:&quot;xpath&quot;,&quot;selector&quot;:&quot;//td[text()=&apos;Convenience Fee*:&apos;]/following-sibling::td[2]/span[2]&quot;}
For documentation on this error, please visit: http://seleniumhq.org/exceptions/no_such_element.html
Build info: version: &apos;2.53.0&apos;, revision: &apos;35ae25b&apos;, time: &apos;2016-03-15 16:57:40&apos;
System info: host: &apos;XIN009OLAB14917&apos;, ip: &apos;192.168.0.3&apos;, os.name: &apos;Windows 7&apos;, os.arch: &apos;amd64&apos;, os.version: &apos;6.1&apos;, java.version: &apos;1.7.0_60-ea&apos;
Driver info: driver.version: unknown
	at &lt;anonymous class&gt;.FirefoxDriver.prototype.findElementInternal_(file:///C:/Windows/Temp/anonymous9165181864040271598webdriver-profile/extensions/fxdriver@googlecode.com/components/driver-component.js:10770)
	at &lt;anonymous class&gt;.fxdriver.Timer.prototype.setTimeout/&lt;.notify(file:///C:/Windows/Temp/anonymous9165181864040271598webdriver-profile/extensions/fxdriver@googlecode.com/components/driver-component.js:625)
... Removed 14 stack frames</div></td></tr></table><p class="totop"><a href="#summary">back to summary</a></p><h3 id="m1">TestCases.ACH.CheckTermsAndCondnDtlsInACHPymt#testCheckTermsAndCondnDtlsInACHPymt</h3><table class="result"></table><p class="totop"><a href="#summary">back to summary</a></p><h3 id="m2">TestCases.ACH.DeleteExistingInstrumentACH#ccTestCase7Execution</h3><table class="result"></table><p class="totop"><a href="#summary">back to summary</a></p><h3 id="m3">TestCases.ACH.VerifyAmountAndDateFieldsACH#ccTestCase7Execution</h3><table class="result"></table><p class="totop"><a href="#summary">back to summary</a></p><h3 id="m4">TestCases.ACH.VerifyCancellationInfoACH#testVerifyCancellationInfoACH</h3><table class="result"></table><p class="totop"><a href="#summary">back to summary</a></p></body></html>