<?xml version="1.0" encoding="UTF-8"?>
<testng-results skipped="0" failed="1" total="5" passed="4">
  <reporter-output>
  </reporter-output>
  <suite name="BASuite" duration-ms="1065766" started-at="2016-07-06T15:18:58Z" finished-at="2016-07-06T15:36:44Z">
    <groups>
    </groups>
    <test name="BATest" duration-ms="1065766" started-at="2016-07-06T15:18:58Z" finished-at="2016-07-06T15:36:44Z">
      <class name="TestCases.ACH.VerifyACHConvenienceFeeInAllPages">
        <test-method status="PASS" signature="beforeMethod(java.lang.String)[pri:0, instance:TestCases.ACH.VerifyACHConvenienceFeeInAllPages@4de1c034]" name="beforeMethod" is-config="true" duration-ms="46878" started-at="2016-07-06T21:03:08Z" finished-at="2016-07-06T21:03:55Z">
          <params>
            <param index="0">
              <value>
                <![CDATA[FireFox]]>
              </value>
            </param>
          </params>
          <reporter-output>
          </reporter-output>
        </test-method> <!-- beforeMethod -->
        <test-method status="FAIL" signature="testVerifyACHConvenienceFeeInAllPages()[pri:0, instance:TestCases.ACH.VerifyACHConvenienceFeeInAllPages@4de1c034]" name="testVerifyACHConvenienceFeeInAllPages" duration-ms="167585" started-at="2016-07-06T21:03:55Z" finished-at="2016-07-06T21:06:43Z">
          <exception class="org.openqa.selenium.NoSuchElementException">
            <message>
              <![CDATA[Unable to locate element: {"method":"xpath","selector":"//td[text()='Convenience Fee*:']/following-sibling::td[2]/span[2]"}
Command duration or timeout: 34.94 seconds
For documentation on this error, please visit: http://seleniumhq.org/exceptions/no_such_element.html
Build info: version: '2.53.0', revision: '35ae25b', time: '2016-03-15 16:57:40'
System info: host: 'XIN009OLAB14917', ip: '192.168.0.3', os.name: 'Windows 7', os.arch: 'amd64', os.version: '6.1', java.version: '1.7.0_60-ea'
*** Element info: {Using=xpath, value=//td[text()='Convenience Fee*:']/following-sibling::td[2]/span[2]}
Session ID: b52c5807-6a36-49cb-8aac-96ec49506bc2
Driver info: org.openqa.selenium.firefox.FirefoxDriver
Capabilities [{platform=WINDOWS, acceptSslCerts=true, javascriptEnabled=true, cssSelectorsEnabled=true, databaseEnabled=true, browserName=firefox, handlesAlerts=true, nativeEvents=false, webStorageEnabled=true, rotatable=false, locationContextEnabled=true, applicationCacheEnabled=true, takesScreenshot=true, version=38.4.0}]]]>
            </message>
            <full-stacktrace>
              <![CDATA[org.openqa.selenium.NoSuchElementException: Unable to locate element: {"method":"xpath","selector":"//td[text()='Convenience Fee*:']/following-sibling::td[2]/span[2]"}
Command duration or timeout: 34.94 seconds
For documentation on this error, please visit: http://seleniumhq.org/exceptions/no_such_element.html
Build info: version: '2.53.0', revision: '35ae25b', time: '2016-03-15 16:57:40'
System info: host: 'XIN009OLAB14917', ip: '192.168.0.3', os.name: 'Windows 7', os.arch: 'amd64', os.version: '6.1', java.version: '1.7.0_60-ea'
*** Element info: {Using=xpath, value=//td[text()='Convenience Fee*:']/following-sibling::td[2]/span[2]}
Session ID: b52c5807-6a36-49cb-8aac-96ec49506bc2
Driver info: org.openqa.selenium.firefox.FirefoxDriver
Capabilities [{platform=WINDOWS, acceptSslCerts=true, javascriptEnabled=true, cssSelectorsEnabled=true, databaseEnabled=true, browserName=firefox, handlesAlerts=true, nativeEvents=false, webStorageEnabled=true, rotatable=false, locationContextEnabled=true, applicationCacheEnabled=true, takesScreenshot=true, version=38.4.0}]
	at sun.reflect.NativeConstructorAccessorImpl.newInstance0(Native Method)
	at sun.reflect.NativeConstructorAccessorImpl.newInstance(NativeConstructorAccessorImpl.java:57)
	at sun.reflect.DelegatingConstructorAccessorImpl.newInstance(DelegatingConstructorAccessorImpl.java:45)
	at java.lang.reflect.Constructor.newInstance(Constructor.java:526)
	at org.openqa.selenium.remote.ErrorHandler.createThrowable(ErrorHandler.java:206)
	at org.openqa.selenium.remote.ErrorHandler.throwIfResponseFailed(ErrorHandler.java:158)
	at org.openqa.selenium.remote.RemoteWebDriver.execute(RemoteWebDriver.java:678)
	at org.openqa.selenium.remote.RemoteWebDriver.findElement(RemoteWebDriver.java:363)
	at org.openqa.selenium.remote.RemoteWebDriver.findElementByXPath(RemoteWebDriver.java:500)
	at org.openqa.selenium.By$ByXPath.findElement(By.java:361)
	at org.openqa.selenium.remote.RemoteWebDriver.findElement(RemoteWebDriver.java:355)
	at org.openqa.selenium.support.pagefactory.DefaultElementLocator.findElement(DefaultElementLocator.java:69)
	at org.openqa.selenium.support.pagefactory.internal.LocatingElementHandler.invoke(LocatingElementHandler.java:38)
	at com.sun.proxy.$Proxy9.getText(Unknown Source)
	at BusinessSpecific.Methods.verifyACHConvncFeeInVerifyInfoPage(Methods.java:1029)
	at TestCases.ACH.VerifyACHConvenienceFeeInAllPages.testVerifyACHConvenienceFeeInAllPages(VerifyACHConvenienceFeeInAllPages.java:71)
	at sun.reflect.NativeMethodAccessorImpl.invoke0(Native Method)
	at sun.reflect.NativeMethodAccessorImpl.invoke(NativeMethodAccessorImpl.java:57)
	at sun.reflect.DelegatingMethodAccessorImpl.invoke(DelegatingMethodAccessorImpl.java:43)
	at java.lang.reflect.Method.invoke(Method.java:606)
	at org.testng.internal.MethodInvocationHelper.invokeMethod(MethodInvocationHelper.java:85)
	at org.testng.internal.Invoker.invokeMethod(Invoker.java:639)
	at org.testng.internal.Invoker.invokeTestMethod(Invoker.java:816)
	at org.testng.internal.Invoker.invokeTestMethods(Invoker.java:1124)
	at org.testng.internal.TestMethodWorker.invokeTestMethods(TestMethodWorker.java:125)
	at org.testng.internal.TestMethodWorker.run(TestMethodWorker.java:108)
	at java.util.concurrent.ThreadPoolExecutor.runWorker(ThreadPoolExecutor.java:1145)
	at java.util.concurrent.ThreadPoolExecutor$Worker.run(ThreadPoolExecutor.java:615)
	at java.lang.Thread.run(Thread.java:744)
Caused by: org.openqa.selenium.NoSuchElementException: Unable to locate element: {"method":"xpath","selector":"//td[text()='Convenience Fee*:']/following-sibling::td[2]/span[2]"}
For documentation on this error, please visit: http://seleniumhq.org/exceptions/no_such_element.html
Build info: version: '2.53.0', revision: '35ae25b', time: '2016-03-15 16:57:40'
System info: host: 'XIN009OLAB14917', ip: '192.168.0.3', os.name: 'Windows 7', os.arch: 'amd64', os.version: '6.1', java.version: '1.7.0_60-ea'
Driver info: driver.version: unknown
	at <anonymous class>.FirefoxDriver.prototype.findElementInternal_(file:///C:/Windows/Temp/anonymous9165181864040271598webdriver-profile/extensions/fxdriver@googlecode.com/components/driver-component.js:10770)
	at <anonymous class>.fxdriver.Timer.prototype.setTimeout/<.notify(file:///C:/Windows/Temp/anonymous9165181864040271598webdriver-profile/extensions/fxdriver@googlecode.com/components/driver-component.js:625)
]]>
            </full-stacktrace>
          </exception> <!-- org.openqa.selenium.NoSuchElementException -->
          <reporter-output>
          </reporter-output>
        </test-method> <!-- testVerifyACHConvenienceFeeInAllPages -->
        <test-method status="PASS" signature="tearDown(org.testng.ITestResult)[pri:0, instance:TestCases.ACH.VerifyACHConvenienceFeeInAllPages@4de1c034]" name="tearDown" is-config="true" duration-ms="785" started-at="2016-07-06T21:06:43Z" finished-at="2016-07-06T21:06:44Z">
          <params>
            <param index="0">
              <value>
                <![CDATA[[TestResult name=testVerifyACHConvenienceFeeInAllPages status=FAILURE method=VerifyACHConvenienceFeeInAllPages.testVerifyACHConvenienceFeeInAllPages()[pri:0, instance:TestCases.ACH.VerifyACHConvenienceFeeInAllPages@4de1c034] output={null}]]]>
              </value>
            </param>
          </params>
          <reporter-output>
          </reporter-output>
        </test-method> <!-- tearDown -->
      </class> <!-- TestCases.ACH.VerifyACHConvenienceFeeInAllPages -->
      <class name="TestCases.ACH.CheckTermsAndCondnDtlsInACHPymt">
        <test-method status="PASS" signature="beforeMethod(java.lang.String)[pri:0, instance:TestCases.ACH.CheckTermsAndCondnDtlsInACHPymt@6cc84a44]" name="beforeMethod" is-config="true" duration-ms="43409" started-at="2016-07-06T20:52:09Z" finished-at="2016-07-06T20:52:53Z">
          <params>
            <param index="0">
              <value>
                <![CDATA[FireFox]]>
              </value>
            </param>
          </params>
          <reporter-output>
          </reporter-output>
        </test-method> <!-- beforeMethod -->
        <test-method status="PASS" signature="testCheckTermsAndCondnDtlsInACHPymt()[pri:0, instance:TestCases.ACH.CheckTermsAndCondnDtlsInACHPymt@6cc84a44]" name="testCheckTermsAndCondnDtlsInACHPymt" duration-ms="192249" started-at="2016-07-06T20:52:53Z" finished-at="2016-07-06T20:56:05Z">
          <reporter-output>
          </reporter-output>
        </test-method> <!-- testCheckTermsAndCondnDtlsInACHPymt -->
        <test-method status="PASS" signature="tearDown(org.testng.ITestResult)[pri:0, instance:TestCases.ACH.CheckTermsAndCondnDtlsInACHPymt@6cc84a44]" name="tearDown" is-config="true" duration-ms="6844" started-at="2016-07-06T20:56:05Z" finished-at="2016-07-06T20:56:12Z">
          <params>
            <param index="0">
              <value>
                <![CDATA[[TestResult name=testCheckTermsAndCondnDtlsInACHPymt status=SUCCESS method=CheckTermsAndCondnDtlsInACHPymt.testCheckTermsAndCondnDtlsInACHPymt()[pri:0, instance:TestCases.ACH.CheckTermsAndCondnDtlsInACHPymt@6cc84a44] output={null}]]]>
              </value>
            </param>
          </params>
          <reporter-output>
          </reporter-output>
        </test-method> <!-- tearDown -->
      </class> <!-- TestCases.ACH.CheckTermsAndCondnDtlsInACHPymt -->
      <class name="TestCases.ACH.DeleteExistingInstrumentACH">
        <test-method status="PASS" signature="beforeMethod(java.lang.String)[pri:0, instance:TestCases.ACH.DeleteExistingInstrumentACH@2011bdde]" name="beforeMethod" is-config="true" duration-ms="48414" started-at="2016-07-06T20:48:58Z" finished-at="2016-07-06T20:49:46Z">
          <params>
            <param index="0">
              <value>
                <![CDATA[FireFox]]>
              </value>
            </param>
          </params>
          <reporter-output>
          </reporter-output>
        </test-method> <!-- beforeMethod -->
        <test-method status="PASS" signature="ccTestCase7Execution()[pri:0, instance:TestCases.ACH.DeleteExistingInstrumentACH@2011bdde]" name="ccTestCase7Execution" duration-ms="141453" started-at="2016-07-06T20:49:46Z" finished-at="2016-07-06T20:52:08Z">
          <reporter-output>
          </reporter-output>
        </test-method> <!-- ccTestCase7Execution -->
        <test-method status="PASS" signature="tearDown(org.testng.ITestResult)[pri:0, instance:TestCases.ACH.DeleteExistingInstrumentACH@2011bdde]" name="tearDown" is-config="true" duration-ms="1858" started-at="2016-07-06T20:52:08Z" finished-at="2016-07-06T20:52:09Z">
          <params>
            <param index="0">
              <value>
                <![CDATA[[TestResult name=ccTestCase7Execution status=SUCCESS method=DeleteExistingInstrumentACH.ccTestCase7Execution()[pri:0, instance:TestCases.ACH.DeleteExistingInstrumentACH@2011bdde] output={null}]]]>
              </value>
            </param>
          </params>
          <reporter-output>
          </reporter-output>
        </test-method> <!-- tearDown -->
      </class> <!-- TestCases.ACH.DeleteExistingInstrumentACH -->
      <class name="TestCases.ACH.VerifyAmountAndDateFieldsACH">
        <test-method status="PASS" signature="beforeMethod(java.lang.String)[pri:0, instance:TestCases.ACH.VerifyAmountAndDateFieldsACH@2c886c40]" name="beforeMethod" is-config="true" duration-ms="56637" started-at="2016-07-06T20:59:45Z" finished-at="2016-07-06T21:00:42Z">
          <params>
            <param index="0">
              <value>
                <![CDATA[FireFox]]>
              </value>
            </param>
          </params>
          <reporter-output>
          </reporter-output>
        </test-method> <!-- beforeMethod -->
        <test-method status="PASS" signature="ccTestCase7Execution()[pri:0, instance:TestCases.ACH.VerifyAmountAndDateFieldsACH@2c886c40]" name="ccTestCase7Execution" duration-ms="146526" started-at="2016-07-06T21:00:42Z" finished-at="2016-07-06T21:03:08Z">
          <reporter-output>
          </reporter-output>
        </test-method> <!-- ccTestCase7Execution -->
        <test-method status="PASS" signature="tearDown(org.testng.ITestResult)[pri:0, instance:TestCases.ACH.VerifyAmountAndDateFieldsACH@2c886c40]" name="tearDown" is-config="true" duration-ms="203" started-at="2016-07-06T21:03:08Z" finished-at="2016-07-06T21:03:08Z">
          <params>
            <param index="0">
              <value>
                <![CDATA[[TestResult name=ccTestCase7Execution status=SUCCESS method=VerifyAmountAndDateFieldsACH.ccTestCase7Execution()[pri:0, instance:TestCases.ACH.VerifyAmountAndDateFieldsACH@2c886c40] output={null}]]]>
              </value>
            </param>
          </params>
          <reporter-output>
          </reporter-output>
        </test-method> <!-- tearDown -->
      </class> <!-- TestCases.ACH.VerifyAmountAndDateFieldsACH -->
      <class name="TestCases.ACH.VerifyCancellationInfoACH">
        <test-method status="PASS" signature="beforeMethod(java.lang.String)[pri:0, instance:TestCases.ACH.VerifyCancellationInfoACH@5183ee27]" name="beforeMethod" is-config="true" duration-ms="56731" started-at="2016-07-06T20:56:12Z" finished-at="2016-07-06T20:57:09Z">
          <params>
            <param index="0">
              <value>
                <![CDATA[FireFox]]>
              </value>
            </param>
          </params>
          <reporter-output>
          </reporter-output>
        </test-method> <!-- beforeMethod -->
        <test-method status="PASS" signature="testVerifyCancellationInfoACH()[pri:0, instance:TestCases.ACH.VerifyCancellationInfoACH@5183ee27]" name="testVerifyCancellationInfoACH" duration-ms="155957" started-at="2016-07-06T20:57:09Z" finished-at="2016-07-06T20:59:45Z">
          <reporter-output>
          </reporter-output>
        </test-method> <!-- testVerifyCancellationInfoACH -->
        <test-method status="PASS" signature="tearDown(org.testng.ITestResult)[pri:0, instance:TestCases.ACH.VerifyCancellationInfoACH@5183ee27]" name="tearDown" is-config="true" duration-ms="217" started-at="2016-07-06T20:59:45Z" finished-at="2016-07-06T20:59:45Z">
          <params>
            <param index="0">
              <value>
                <![CDATA[[TestResult name=testVerifyCancellationInfoACH status=SUCCESS method=VerifyCancellationInfoACH.testVerifyCancellationInfoACH()[pri:0, instance:TestCases.ACH.VerifyCancellationInfoACH@5183ee27] output={null}]]]>
              </value>
            </param>
          </params>
          <reporter-output>
          </reporter-output>
        </test-method> <!-- tearDown -->
      </class> <!-- TestCases.ACH.VerifyCancellationInfoACH -->
    </test> <!-- BATest -->
  </suite> <!-- BASuite -->
</testng-results>
