<?xml version="1.0" encoding="UTF-8"?>
<!-- Generated by org.testng.reporters.JUnitXMLReporter -->
<testsuite hostname="XIN009OLAB14917" name="BATest" tests="5" failures="1" timestamp="6 Jul 2016 15:36:44 GMT" time="1065.766" errors="0">
  <testcase name="ccTestCase7Execution" time="141.453" classname="TestCases.ACH.DeleteExistingInstrumentACH"/>
  <testcase name="testCheckTermsAndCondnDtlsInACHPymt" time="192.249" classname="TestCases.ACH.CheckTermsAndCondnDtlsInACHPymt"/>
  <testcase name="testVerifyCancellationInfoACH" time="155.957" classname="TestCases.ACH.VerifyCancellationInfoACH"/>
  <testcase name="ccTestCase7Execution" time="146.526" classname="TestCases.ACH.VerifyAmountAndDateFieldsACH"/>
  <testcase name="testVerifyACHConvenienceFeeInAllPages" time="167.585" classname="TestCases.ACH.VerifyACHConvenienceFeeInAllPages">
    <failure type="org.openqa.selenium.NoSuchElementException" message="Unable to locate element: {&amp;quot;method&amp;quot;:&amp;quot;xpath&amp;quot;,&amp;quot;selector&amp;quot;:&amp;quot;//td[text()=&amp;apos;Convenience Fee*:&amp;apos;]/following-sibling::td[2]/span[2]&amp;quot;}
Command duration or timeout: 34.94 seconds
For documentation on this error, please visit: http://seleniumhq.org/exceptions/no_such_element.html
Build info: version: &amp;apos;2.53.0&amp;apos;, revision: &amp;apos;35ae25b&amp;apos;, time: &amp;apos;2016-03-15 16:57:40&amp;apos;
System info: host: &amp;apos;XIN009OLAB14917&amp;apos;, ip: &amp;apos;192.168.0.3&amp;apos;, os.name: &amp;apos;Windows 7&amp;apos;, os.arch: &amp;apos;amd64&amp;apos;, os.version: &amp;apos;6.1&amp;apos;, java.version: &amp;apos;1.7.0_60-ea&amp;apos;
*** Element info: {Using=xpath, value=//td[text()=&amp;apos;Convenience Fee*:&amp;apos;]/following-sibling::td[2]/span[2]}
Session ID: b52c5807-6a36-49cb-8aac-96ec49506bc2
Driver info: org.openqa.selenium.firefox.FirefoxDriver
Capabilities [{platform=WINDOWS, acceptSslCerts=true, javascriptEnabled=true, cssSelectorsEnabled=true, databaseEnabled=true, browserName=firefox, handlesAlerts=true, nativeEvents=false, webStorageEnabled=true, rotatable=false, locationContextEnabled=true, applicationCacheEnabled=true, takesScreenshot=true, version=38.4.0}]">
      <![CDATA[org.openqa.selenium.NoSuchElementException: Unable to locate element: {"method":"xpath","selector":"//td[text()='Convenience Fee*:']/following-sibling::td[2]/span[2]"}
Command duration or timeout: 34.94 seconds
For documentation on this error, please visit: http://seleniumhq.org/exceptions/no_such_element.html
Build info: version: '2.53.0', revision: '35ae25b', time: '2016-03-15 16:57:40'
System info: host: 'XIN009OLAB14917', ip: '192.168.0.3', os.name: 'Windows 7', os.arch: 'amd64', os.version: '6.1', java.version: '1.7.0_60-ea'
*** Element info: {Using=xpath, value=//td[text()='Convenience Fee*:']/following-sibling::td[2]/span[2]}
Session ID: b52c5807-6a36-49cb-8aac-96ec49506bc2
Driver info: org.openqa.selenium.firefox.FirefoxDriver
Capabilities [{platform=WINDOWS, acceptSslCerts=true, javascriptEnabled=true, cssSelectorsEnabled=true, databaseEnabled=true, browserName=firefox, handlesAlerts=true, nativeEvents=false, webStorageEnabled=true, rotatable=false, locationContextEnabled=true, applicationCacheEnabled=true, takesScreenshot=true, version=38.4.0}]
	at org.openqa.selenium.remote.ErrorHandler.createThrowable(ErrorHandler.java:206)
	at org.openqa.selenium.remote.ErrorHandler.throwIfResponseFailed(ErrorHandler.java:158)
	at org.openqa.selenium.remote.RemoteWebDriver.execute(RemoteWebDriver.java:678)
	at org.openqa.selenium.remote.RemoteWebDriver.findElement(RemoteWebDriver.java:363)
	at org.openqa.selenium.remote.RemoteWebDriver.findElementByXPath(RemoteWebDriver.java:500)
	at org.openqa.selenium.By$ByXPath.findElement(By.java:361)
	at org.openqa.selenium.remote.RemoteWebDriver.findElement(RemoteWebDriver.java:355)
	at org.openqa.selenium.support.pagefactory.DefaultElementLocator.findElement(DefaultElementLocator.java:69)
	at org.openqa.selenium.support.pagefactory.internal.LocatingElementHandler.invoke(LocatingElementHandler.java:38)
	at com.sun.proxy.$Proxy9.getText(Unknown Source)
	at BusinessSpecific.Methods.verifyACHConvncFeeInVerifyInfoPage(Methods.java:1029)
	at TestCases.ACH.VerifyACHConvenienceFeeInAllPages.testVerifyACHConvenienceFeeInAllPages(VerifyACHConvenienceFeeInAllPages.java:71)
	at java.util.concurrent.ThreadPoolExecutor.runWorker(ThreadPoolExecutor.java:1145)
	at java.util.concurrent.ThreadPoolExecutor$Worker.run(ThreadPoolExecutor.java:615)
	at java.lang.Thread.run(Thread.java:744)
Caused by: org.openqa.selenium.NoSuchElementException: Unable to locate element: {"method":"xpath","selector":"//td[text()='Convenience Fee*:']/following-sibling::td[2]/span[2]"}
For documentation on this error, please visit: http://seleniumhq.org/exceptions/no_such_element.html
Build info: version: '2.53.0', revision: '35ae25b', time: '2016-03-15 16:57:40'
System info: host: 'XIN009OLAB14917', ip: '192.168.0.3', os.name: 'Windows 7', os.arch: 'amd64', os.version: '6.1', java.version: '1.7.0_60-ea'
Driver info: driver.version: unknown
	at <anonymous class>.FirefoxDriver.prototype.findElementInternal_(file:///C:/Windows/Temp/anonymous9165181864040271598webdriver-profile/extensions/fxdriver@googlecode.com/components/driver-component.js:10770)
	at <anonymous class>.fxdriver.Timer.prototype.setTimeout/<.notify(file:///C:/Windows/Temp/anonymous9165181864040271598webdriver-profile/extensions/fxdriver@googlecode.com/components/driver-component.js:625)
... Removed 14 stack frames]]>
    </failure>
  </testcase> <!-- testVerifyACHConvenienceFeeInAllPages -->
</testsuite> <!-- BATest -->
